[10/14/2015 5:04:33 PM] [Info] Loading plugin: AutoShutdown2
[10/14/2015 5:04:33 PM] [Info] AutoShutdown2 >>  Version 0.5.1 loaded.
[10/14/2015 5:04:33 PM] [Info] Loading plugin: ChatControl
[10/14/2015 5:04:33 PM] [Info] Adding UnturnedPlayerComponent: ChatControlPlayerComponent
[10/14/2015 5:04:33 PM] [Error] FormatException: Input string was not in the correct format - System.Int32.Parse (System.String s, NumberStyles style, IFormatProvider provider)
System.Xml.XmlConvert.ToInt32 (System.String s)
System.Xml.Serialization.XmlCustomFormatter.FromXmlString (System.Xml.Serialization.TypeData type, System.String value)
System.Xml.Serialization.XmlSerializationReaderInterpreter.GetValueFromXmlString (System.String value, System.Xml.Serialization.TypeData typeData, System.Xml.Serialization.XmlTypeMapping typeMap)
System.Xml.Serialization.XmlSerializationReaderInterpreter.ReadPrimitiveValue (System.Xml.Serialization.XmlTypeMapElementInfo elem)
System.Xml.Serialization.XmlSerializationReaderInterpreter.ReadObjectElement (System.Xml.Serialization.XmlTypeMapElementInfo elem)
System.Xml.Serialization.XmlSerializationReaderInterpreter.ReadMembers (System.Xml.Serialization.ClassMap map, System.Object ob, Boolean isValueList, Boolean readByOrder)
System.Xml.Serialization.XmlSerializationReaderInterpreter.ReadClassInstanceMembers (System.Xml.Serialization.XmlTypeMapping typeMap, System.Object ob)
System.Xml.Serialization.XmlSerializationReaderInterpreter.ReadClassInstance (System.Xml.Serialization.XmlTypeMapping typeMap, Boolean isNullable, Boolean checkType)
System.Xml.Serialization.XmlSerializationReaderInterpreter.ReadObject (System.Xml.Serialization.XmlTypeMapping typeMap, Boolean isNullable, Boolean checkType)
System.Xml.Serialization.XmlSerializationReaderInterpreter.ReadObjectElement (System.Xml.Serialization.XmlTypeMapElementInfo elem)
System.Xml.Serialization.XmlSerializationReaderInterpreter.ReadListElement (System.Xml.Serialization.XmlTypeMapping typeMap, Boolean isNullable, System.Object list, Boolean canCreateInstance)
System.Xml.Serialization.XmlSerializationReaderInterpreter.ReadMembers (System.Xml.Serialization.ClassMap map, System.Object ob, Boolean isValueList, Boolean readByOrder)
System.Xml.Serialization.XmlSerializationReaderInterpreter.ReadClassInstanceMembers (System.Xml.Serialization.XmlTypeMapping typeMap, System.Object ob)
System.Xml.Serialization.XmlSerializationReaderInterpreter.ReadClassInstance (System.Xml.Serialization.XmlTypeMapping typeMap, Boolean isNullable, Boolean checkType)
System.Xml.Serialization.XmlSerializationReaderInterpreter.ReadObject (System.Xml.Serialization.XmlTypeMapping typeMap, Boolean isNullable, Boolean checkType)
System.Xml.Serialization.XmlSerializationReaderInterpreter.ReadRoot (System.Xml.Serialization.XmlTypeMapping rootMap)
System.Xml.Serialization.XmlSerializationReaderInterpreter.ReadRoot ()
System.Xml.Serialization.XmlSerializer.Deserialize (System.Xml.Serialization.XmlSerializationReader reader)
Rethrow as Exception: Failed to deserialize XMLFileAsset: Plugins/Kits/Kits.configuration.xml
Rocket.Core.Assets.XMLFileAsset`1[fr34kyn01535.Kits.KitsConfiguration].Load (Rocket.Core.Assets.AssetLoaded`1 callback, Boolean update)
Rocket.Core.Assets.XMLFileAsset`1[fr34kyn01535.Kits.KitsConfiguration]..ctor (System.String file, System.Type[] extraTypes, fr34kyn01535.Kits.KitsConfiguration defaultInstance)
Rocket.Core.Plugins.RocketPlugin`1[TConfiguration].LoadPlugin ()
Rocket.Core.Plugins.RocketPlugin.OnEnable ()
UnityEngine.GameObject:.ctor(String, Type[])
Rocket.Core.Plugins.RocketPluginManager:loadPlugins()
Rocket.Core.Plugins.RocketPluginManager:Start()

[10/14/2015 5:04:33 PM] [Info] Loading plugin: MessageAnnouncer
[10/14/2015 5:04:33 PM] [Info] MessageAnnouncer >> Load
[10/14/2015 5:04:33 PM] [Info] Loading plugin: ZaupClearInventoryLib
[10/14/2015 5:04:33 PM] [Info] Loading plugin: ZaupFeast
[10/14/2015 5:04:33 PM] [Info] ZaupFeast >> The next feast will be at Confederation Bridge at 10/14/2015 5:34:38 PM
[10/14/2015 5:04:33 PM] [Info] This server will automatically save every 1800 seconds
[10/14/2015 5:04:41 PM] [Info] MessageAnnouncer >> Welcome to our server
[10/14/2015 5:05:11 PM] [Info] MessageAnnouncer >> On our server there that command:/rules!
[10/14/2015 5:05:51 PM] [Info] MessageAnnouncer >> In which you can see the server rules.
[10/14/2015 5:05:55 PM] [Error] Failed to find command: plagins
[10/14/2015 5:05:58 PM] [Error] Failed to find command: plagin
[10/14/2015 5:06:26 PM] [Info] MessageAnnouncer >> If you like the server can help him by purchasing the privilege!
