[10/16/2015 10:05:34 PM] [Error] Invalid or outdated plugin assembly: ApokCore
[10/16/2015 10:05:34 PM] [Info] Loading plugin: AutoShutdown2
[10/16/2015 10:05:34 PM] [Info] AutoShutdown2 >>  Version 0.5.1 loaded.
[10/16/2015 10:05:34 PM] [Info] Loading plugin: ChatControl
[10/16/2015 10:05:34 PM] [Info] Adding UnturnedPlayerComponent: ChatControlPlayerComponent
[10/16/2015 10:05:34 PM] [Info] Loading plugin: GiveKit
[10/16/2015 10:05:34 PM] [Error] OverflowException: Value too large or too small. - System.Int32.Parse (System.String s, NumberStyles style, IFormatProvider provider)
System.Xml.XmlConvert.ToInt32 (System.String s)
System.Xml.Serialization.XmlCustomFormatter.FromXmlString (System.Xml.Serialization.TypeData type, System.String value)
System.Xml.Serialization.XmlSerializationReaderInterpreter.GetValueFromXmlString (System.String value, System.Xml.Serialization.TypeData typeData, System.Xml.Serialization.XmlTypeMapping typeMap)
System.Xml.Serialization.XmlSerializationReaderInterpreter.ReadPrimitiveValue (System.Xml.Serialization.XmlTypeMapElementInfo elem)
System.Xml.Serialization.XmlSerializationReaderInterpreter.ReadObjectElement (System.Xml.Serialization.XmlTypeMapElementInfo elem)
System.Xml.Serialization.XmlSerializationReaderInterpreter.ReadMembers (System.Xml.Serialization.ClassMap map, System.Object ob, Boolean isValueList, Boolean readByOrder)
System.Xml.Serialization.XmlSerializationReaderInterpreter.ReadClassInstanceMembers (System.Xml.Serialization.XmlTypeMapping typeMap, System.Object ob)
System.Xml.Serialization.XmlSerializationReaderInterpreter.ReadClassInstance (System.Xml.Serialization.XmlTypeMapping typeMap, Boolean isNullable, Boolean checkType)
System.Xml.Serialization.XmlSerializationReaderInterpreter.ReadObject (System.Xml.Serialization.XmlTypeMapping typeMap, Boolean isNullable, Boolean checkType)
System.Xml.Serialization.XmlSerializationReaderInterpreter.ReadObjectElement (System.Xml.Serialization.XmlTypeMapElementInfo elem)
System.Xml.Serialization.XmlSerializationReaderInterpreter.ReadListElement (System.Xml.Serialization.XmlTypeMapping typeMap, Boolean isNullable, System.Object list, Boolean canCreateInstance)
System.Xml.Serialization.XmlSerializationReaderInterpreter.ReadMembers (System.Xml.Serialization.ClassMap map, System.Object ob, Boolean isValueList, Boolean readByOrder)
System.Xml.Serialization.XmlSerializationReaderInterpreter.ReadClassInstanceMembers (System.Xml.Serialization.XmlTypeMapping typeMap, System.Object ob)
System.Xml.Serialization.XmlSerializationReaderInterpreter.ReadClassInstance (System.Xml.Serialization.XmlTypeMapping typeMap, Boolean isNullable, Boolean checkType)
System.Xml.Serialization.XmlSerializationReaderInterpreter.ReadObject (System.Xml.Serialization.XmlTypeMapping typeMap, Boolean isNullable, Boolean checkType)
System.Xml.Serialization.XmlSerializationReaderInterpreter.ReadRoot (System.Xml.Serialization.XmlTypeMapping rootMap)
System.Xml.Serialization.XmlSerializationReaderInterpreter.ReadRoot ()
System.Xml.Serialization.XmlSerializer.Deserialize (System.Xml.Serialization.XmlSerializationReader reader)
Rethrow as Exception: Failed to deserialize XMLFileAsset: Plugins/Kits/Kits.configuration.xml
Rocket.Core.Assets.XMLFileAsset`1[fr34kyn01535.Kits.KitsConfiguration].Load (Rocket.Core.Assets.AssetLoaded`1 callback, Boolean update)
Rocket.Core.Assets.XMLFileAsset`1[fr34kyn01535.Kits.KitsConfiguration]..ctor (System.String file, System.Type[] extraTypes, fr34kyn01535.Kits.KitsConfiguration defaultInstance)
Rocket.Core.Plugins.RocketPlugin`1[TConfiguration].LoadPlugin ()
Rocket.Core.Plugins.RocketPlugin.OnEnable ()
UnityEngine.GameObject:.ctor(String, Type[])
Rocket.Core.Plugins.RocketPluginManager:loadPlugins()
Rocket.Core.Plugins.RocketPluginManager:Start()

[10/16/2015 10:05:34 PM] [Info] Loading plugin: MessageAnnouncer
[10/16/2015 10:05:34 PM] [Info] MessageAnnouncer >> Load
[10/16/2015 10:05:34 PM] [Info] Loading plugin: Uconomy
[10/16/2015 10:05:34 PM] [Error] Could not find dependency: I18N.West, Version=2.0.0.0, Culture=neutral, PublicKeyToken=0738eb9f132ed756
[10/16/2015 10:05:34 PM] [Error] Failed to load Uconomy, unloading now... :System.IO.FileNotFoundException: Could not load file or assembly 'I18N.West, Version=2.0.0.0, Culture=neutral, PublicKeyToken=0738eb9f132ed756' or one of its dependencies.
File name: 'I18N.West, Version=2.0.0.0, Culture=neutral, PublicKeyToken=0738eb9f132ed756'
  at fr34kyn01535.Uconomy.Uconomy.Load () [0x00000] in <filename unknown>:0 
  at Rocket.Core.Plugins.RocketPlugin.LoadPlugin () [0x00000] in <filename unknown>:0 
[10/16/2015 10:05:34 PM] [Info] Unloading plugin: Uconomy
[10/16/2015 10:05:34 PM] [Info] Loading plugin: ZaupClearInventoryLib
[10/16/2015 10:05:34 PM] [Info] Loading plugin: ZaupFeast
[10/16/2015 10:05:34 PM] [Info] ZaupFeast >> The next feast will be at Souris Campground at 10/16/2015 10:35:38 PM
[10/16/2015 10:05:34 PM] [Info] This server will automatically save every 1800 seconds
[10/16/2015 10:05:36 PM] [Info] MessageAnnouncer >> Welcome to our server
[10/16/2015 10:06:06 PM] [Info] MessageAnnouncer >> On our server there that command:/rules!
[10/16/2015 10:06:36 PM] [Info] MessageAnnouncer >> In which you can see the server rules.
[10/16/2015 10:07:06 PM] [Info] MessageAnnouncer >> You can help by purchasing a server privilege!
[10/16/2015 10:07:36 PM] [Info] MessageAnnouncer >> Regarding the aid, Donat, create a faction,write Tiger
[10/16/2015 10:08:06 PM] [Info] MessageAnnouncer >> Or write to the VK.ID fill_cross
[10/16/2015 10:08:36 PM] [Info] MessageAnnouncer >> Check the list of administrators:/adminstrators
[10/16/2015 10:09:06 PM] [Info] MessageAnnouncer >> Check the list of factions:/fraction
[10/16/2015 10:09:36 PM] [Info] MessageAnnouncer >> VIP players get a list with the command:/vips
[10/16/2015 10:10:06 PM] [Info] MessageAnnouncer >> If you can not see the airplane, then set the detail on ultra!
[10/16/2015 10:10:36 PM] [Info] MessageAnnouncer >> You can take a starter kit command /givekit Start
[10/16/2015 10:11:06 PM] [Info] MessageAnnouncer >> Good luck!
[10/16/2015 10:11:36 PM] [Info] MessageAnnouncer >> Добро пожаловать на наш сервер
[10/16/2015 10:12:06 PM] [Info] MessageAnnouncer >> На нашем сервере есть команда:/правила!
[10/16/2015 10:12:36 PM] [Info] MessageAnnouncer >> В котором вы можете ознакомиться с правилами сервера.
[10/16/2015 10:13:06 PM] [Info] MessageAnnouncer >> Вы может помочь серверу купив привилегию!
[10/16/2015 10:13:36 PM] [Info] MessageAnnouncer >> Что касается помощи, Доната, создания фракции, писать Tiger'у
[10/16/2015 10:14:06 PM] [Info] MessageAnnouncer >> Или же писать в ВК.ID fill_cross
[10/16/2015 10:14:36 PM] [Info] MessageAnnouncer >> Проверить список администраторов командой:/админы
[10/16/2015 10:15:06 PM] [Info] MessageAnnouncer >> Проверить список фракций можно командой:/фракция
[10/16/2015 10:15:36 PM] [Info] MessageAnnouncer >> Узнать список вип игроков можна командой:/випы
[10/16/2015 10:16:06 PM] [Info] MessageAnnouncer >> Если вы не видите самолет который сбрасывает аирдроп, повысьте...
[10/16/2015 10:16:36 PM] [Info] MessageAnnouncer >> ....детализацию на ультра!
[10/16/2015 10:17:06 PM] [Info] MessageAnnouncer >> Вы можете взять стартовый кит командой /givekit Start
[10/16/2015 10:17:37 PM] [Info] MessageAnnouncer >> Удачной игры!
[10/16/2015 10:18:07 PM] [Info] MessageAnnouncer >> Welcome to our server
[10/16/2015 10:18:37 PM] [Info] MessageAnnouncer >> On our server there that command:/rules!
[10/16/2015 10:19:07 PM] [Info] MessageAnnouncer >> In which you can see the server rules.
[10/16/2015 10:19:37 PM] [Info] MessageAnnouncer >> You can help by purchasing a server privilege!
[10/16/2015 10:20:07 PM] [Info] MessageAnnouncer >> Regarding the aid, Donat, create a faction,write Tiger
[10/16/2015 10:20:37 PM] [Info] MessageAnnouncer >> Or write to the VK.ID fill_cross
[10/16/2015 10:21:07 PM] [Info] MessageAnnouncer >> Check the list of administrators:/adminstrators
[10/16/2015 10:21:37 PM] [Info] MessageAnnouncer >> Check the list of factions:/fraction
[10/16/2015 10:22:07 PM] [Info] MessageAnnouncer >> VIP players get a list with the command:/vips
[10/16/2015 10:22:37 PM] [Info] MessageAnnouncer >> If you can not see the airplane, then set the detail on ultra!
[10/16/2015 10:23:07 PM] [Info] MessageAnnouncer >> You can take a starter kit command /givekit Start
[10/16/2015 10:23:37 PM] [Info] MessageAnnouncer >> Good luck!
[10/16/2015 10:24:07 PM] [Info] MessageAnnouncer >> Добро пожаловать на наш сервер
[10/16/2015 10:24:37 PM] [Info] MessageAnnouncer >> На нашем сервере есть команда:/правила!
[10/16/2015 10:25:07 PM] [Info] MessageAnnouncer >> В котором вы можете ознакомиться с правилами сервера.
[10/16/2015 10:25:37 PM] [Info] MessageAnnouncer >> Вы может помочь серверу купив привилегию!
[10/16/2015 10:26:07 PM] [Info] MessageAnnouncer >> Что касается помощи, Доната, создания фракции, писать Tiger'у
[10/16/2015 10:26:37 PM] [Info] MessageAnnouncer >> Или же писать в ВК.ID fill_cross
[10/16/2015 10:27:07 PM] [Info] MessageAnnouncer >> Проверить список администраторов командой:/админы
[10/16/2015 10:27:37 PM] [Info] MessageAnnouncer >> Проверить список фракций можно командой:/фракция
[10/16/2015 10:28:07 PM] [Info] MessageAnnouncer >> Узнать список вип игроков можна командой:/випы
[10/16/2015 10:28:37 PM] [Info] MessageAnnouncer >> Если вы не видите самолет который сбрасывает аирдроп, повысьте...
[10/16/2015 10:29:07 PM] [Info] MessageAnnouncer >> ....детализацию на ультра!
[10/16/2015 10:29:37 PM] [Info] MessageAnnouncer >> Вы можете взять стартовый кит командой /givekit Start
[10/16/2015 10:30:07 PM] [Info] MessageAnnouncer >> Удачной игры!
[10/16/2015 10:30:37 PM] [Info] MessageAnnouncer >> Welcome to our server
[10/16/2015 10:31:07 PM] [Info] MessageAnnouncer >> On our server there that command:/rules!
[10/16/2015 10:31:37 PM] [Info] MessageAnnouncer >> In which you can see the server rules.
[10/16/2015 10:32:07 PM] [Info] MessageAnnouncer >> You can help by purchasing a server privilege!
[10/16/2015 10:32:37 PM] [Info] MessageAnnouncer >> Regarding the aid, Donat, create a faction,write Tiger
[10/16/2015 10:33:07 PM] [Info] MessageAnnouncer >> Or write to the VK.ID fill_cross
[10/16/2015 10:33:37 PM] [Info] MessageAnnouncer >> Check the list of administrators:/adminstrators
[10/16/2015 10:34:07 PM] [Info] MessageAnnouncer >> Check the list of factions:/fraction
[10/16/2015 10:34:37 PM] [Info] MessageAnnouncer >> VIP players get a list with the command:/vips
[10/16/2015 10:35:07 PM] [Info] MessageAnnouncer >> If you can not see the airplane, then set the detail on ultra!
[10/16/2015 10:35:34 PM] [Info] Saving server
[10/16/2015 10:35:37 PM] [Info] MessageAnnouncer >> You can take a starter kit command /givekit Start
[10/16/2015 10:35:38 PM] [Info] ZaupFeast >> The skydrop plane bundle is not the server!  Cannot trigger the airdrop animation.  Just sending items.
[10/16/2015 10:35:38 PM] [Exception] ZaupFeast >> Exception in checkFeast -> Exception in ZaupFeast: System.NullReferenceException: Object reference not set to an instance of an object
  at ZaupFeast.Feast.runFeast () [0x00000] in <filename unknown>:0 
  at ZaupFeast.Feast.checkFeast () [0x00000] in <filename unknown>:0 
[10/16/2015 10:36:07 PM] [Info] MessageAnnouncer >> Good luck!
[10/16/2015 10:36:37 PM] [Info] MessageAnnouncer >> Добро пожаловать на наш сервер
[10/16/2015 10:36:38 PM] [Info] ZaupFeast >> The skydrop plane bundle is not the server!  Cannot trigger the airdrop animation.  Just sending items.
[10/16/2015 10:36:38 PM] [Exception] ZaupFeast >> Exception in checkFeast -> Exception in ZaupFeast: System.NullReferenceException: Object reference not set to an instance of an object
  at ZaupFeast.Feast.runFeast () [0x00000] in <filename unknown>:0 
  at ZaupFeast.Feast.checkFeast () [0x00000] in <filename unknown>:0 
[10/16/2015 10:37:07 PM] [Info] MessageAnnouncer >> На нашем сервере есть команда:/правила!
[10/16/2015 10:37:37 PM] [Info] MessageAnnouncer >> В котором вы можете ознакомиться с правилами сервера.
[10/16/2015 10:37:38 PM] [Info] ZaupFeast >> The skydrop plane bundle is not the server!  Cannot trigger the airdrop animation.  Just sending items.
[10/16/2015 10:37:38 PM] [Exception] ZaupFeast >> Exception in checkFeast -> Exception in ZaupFeast: System.NullReferenceException: Object reference not set to an instance of an object
  at ZaupFeast.Feast.runFeast () [0x00000] in <filename unknown>:0 
  at ZaupFeast.Feast.checkFeast () [0x00000] in <filename unknown>:0 
[10/16/2015 10:38:07 PM] [Info] MessageAnnouncer >> Вы может помочь серверу купив привилегию!
[10/16/2015 10:38:37 PM] [Info] MessageAnnouncer >> Что касается помощи, Доната, создания фракции, писать Tiger'у
[10/16/2015 10:38:38 PM] [Info] ZaupFeast >> The skydrop plane bundle is not the server!  Cannot trigger the airdrop animation.  Just sending items.
[10/16/2015 10:38:38 PM] [Exception] ZaupFeast >> Exception in checkFeast -> Exception in ZaupFeast: System.NullReferenceException: Object reference not set to an instance of an object
  at ZaupFeast.Feast.runFeast () [0x00000] in <filename unknown>:0 
  at ZaupFeast.Feast.checkFeast () [0x00000] in <filename unknown>:0 
[10/16/2015 10:39:07 PM] [Info] MessageAnnouncer >> Или же писать в ВК.ID fill_cross
[10/16/2015 10:39:37 PM] [Info] MessageAnnouncer >> Проверить список администраторов командой:/админы
[10/16/2015 10:39:38 PM] [Info] ZaupFeast >> The skydrop plane bundle is not the server!  Cannot trigger the airdrop animation.  Just sending items.
[10/16/2015 10:39:38 PM] [Exception] ZaupFeast >> Exception in checkFeast -> Exception in ZaupFeast: System.NullReferenceException: Object reference not set to an instance of an object
  at ZaupFeast.Feast.runFeast () [0x00000] in <filename unknown>:0 
  at ZaupFeast.Feast.checkFeast () [0x00000] in <filename unknown>:0 
[10/16/2015 10:40:07 PM] [Info] MessageAnnouncer >> Проверить список фракций можно командой:/фракция
[10/16/2015 10:40:37 PM] [Info] MessageAnnouncer >> Узнать список вип игроков можна командой:/випы
[10/16/2015 10:40:38 PM] [Info] ZaupFeast >> The skydrop plane bundle is not the server!  Cannot trigger the airdrop animation.  Just sending items.
[10/16/2015 10:40:38 PM] [Exception] ZaupFeast >> Exception in checkFeast -> Exception in ZaupFeast: System.NullReferenceException: Object reference not set to an instance of an object
  at ZaupFeast.Feast.runFeast () [0x00000] in <filename unknown>:0 
  at ZaupFeast.Feast.checkFeast () [0x00000] in <filename unknown>:0 
[10/16/2015 10:41:07 PM] [Info] MessageAnnouncer >> Если вы не видите самолет который сбрасывает аирдроп, повысьте...
[10/16/2015 10:41:37 PM] [Info] MessageAnnouncer >> ....детализацию на ультра!
[10/16/2015 10:41:38 PM] [Info] ZaupFeast >> The skydrop plane bundle is not the server!  Cannot trigger the airdrop animation.  Just sending items.
[10/16/2015 10:41:38 PM] [Exception] ZaupFeast >> Exception in checkFeast -> Exception in ZaupFeast: System.NullReferenceException: Object reference not set to an instance of an object
  at ZaupFeast.Feast.runFeast () [0x00000] in <filename unknown>:0 
  at ZaupFeast.Feast.checkFeast () [0x00000] in <filename unknown>:0 
[10/16/2015 10:42:07 PM] [Info] MessageAnnouncer >> Вы можете взять стартовый кит командой /givekit Start
[10/16/2015 10:42:37 PM] [Info] MessageAnnouncer >> Удачной игры!
[10/16/2015 10:42:38 PM] [Info] ZaupFeast >> The skydrop plane bundle is not the server!  Cannot trigger the airdrop animation.  Just sending items.
[10/16/2015 10:42:38 PM] [Exception] ZaupFeast >> Exception in checkFeast -> Exception in ZaupFeast: System.NullReferenceException: Object reference not set to an instance of an object
  at ZaupFeast.Feast.runFeast () [0x00000] in <filename unknown>:0 
  at ZaupFeast.Feast.checkFeast () [0x00000] in <filename unknown>:0 
[10/16/2015 10:43:07 PM] [Info] MessageAnnouncer >> Welcome to our server
[10/16/2015 10:43:37 PM] [Info] MessageAnnouncer >> On our server there that command:/rules!
[10/16/2015 10:43:38 PM] [Info] ZaupFeast >> The skydrop plane bundle is not the server!  Cannot trigger the airdrop animation.  Just sending items.
[10/16/2015 10:43:38 PM] [Exception] ZaupFeast >> Exception in checkFeast -> Exception in ZaupFeast: System.NullReferenceException: Object reference not set to an instance of an object
  at ZaupFeast.Feast.runFeast () [0x00000] in <filename unknown>:0 
  at ZaupFeast.Feast.checkFeast () [0x00000] in <filename unknown>:0 
[10/16/2015 10:44:07 PM] [Info] MessageAnnouncer >> In which you can see the server rules.
[10/16/2015 10:44:37 PM] [Info] MessageAnnouncer >> You can help by purchasing a server privilege!
[10/16/2015 10:44:38 PM] [Info] ZaupFeast >> The skydrop plane bundle is not the server!  Cannot trigger the airdrop animation.  Just sending items.
[10/16/2015 10:44:38 PM] [Exception] ZaupFeast >> Exception in checkFeast -> Exception in ZaupFeast: System.NullReferenceException: Object reference not set to an instance of an object
  at ZaupFeast.Feast.runFeast () [0x00000] in <filename unknown>:0 
  at ZaupFeast.Feast.checkFeast () [0x00000] in <filename unknown>:0 
[10/16/2015 10:45:07 PM] [Info] MessageAnnouncer >> Regarding the aid, Donat, create a faction,write Tiger
[10/16/2015 10:45:37 PM] [Info] MessageAnnouncer >> Or write to the VK.ID fill_cross
[10/16/2015 10:45:38 PM] [Info] ZaupFeast >> The skydrop plane bundle is not the server!  Cannot trigger the airdrop animation.  Just sending items.
[10/16/2015 10:45:38 PM] [Exception] ZaupFeast >> Exception in checkFeast -> Exception in ZaupFeast: System.NullReferenceException: Object reference not set to an instance of an object
  at ZaupFeast.Feast.runFeast () [0x00000] in <filename unknown>:0 
  at ZaupFeast.Feast.checkFeast () [0x00000] in <filename unknown>:0 
[10/16/2015 10:46:07 PM] [Info] MessageAnnouncer >> Check the list of administrators:/adminstrators
[10/16/2015 10:46:37 PM] [Info] MessageAnnouncer >> Check the list of factions:/fraction
[10/16/2015 10:46:38 PM] [Info] ZaupFeast >> The skydrop plane bundle is not the server!  Cannot trigger the airdrop animation.  Just sending items.
[10/16/2015 10:46:38 PM] [Exception] ZaupFeast >> Exception in checkFeast -> Exception in ZaupFeast: System.NullReferenceException: Object reference not set to an instance of an object
  at ZaupFeast.Feast.runFeast () [0x00000] in <filename unknown>:0 
  at ZaupFeast.Feast.checkFeast () [0x00000] in <filename unknown>:0 
[10/16/2015 10:47:07 PM] [Info] MessageAnnouncer >> VIP players get a list with the command:/vips
[10/16/2015 10:47:37 PM] [Info] MessageAnnouncer >> If you can not see the airplane, then set the detail on ultra!
[10/16/2015 10:47:38 PM] [Info] ZaupFeast >> The skydrop plane bundle is not the server!  Cannot trigger the airdrop animation.  Just sending items.
[10/16/2015 10:47:38 PM] [Exception] ZaupFeast >> Exception in checkFeast -> Exception in ZaupFeast: System.NullReferenceException: Object reference not set to an instance of an object
  at ZaupFeast.Feast.runFeast () [0x00000] in <filename unknown>:0 
  at ZaupFeast.Feast.checkFeast () [0x00000] in <filename unknown>:0 
[10/16/2015 10:48:07 PM] [Info] MessageAnnouncer >> You can take a starter kit command /givekit Start
[10/16/2015 10:48:37 PM] [Info] MessageAnnouncer >> Good luck!
[10/16/2015 10:48:38 PM] [Info] ZaupFeast >> The skydrop plane bundle is not the server!  Cannot trigger the airdrop animation.  Just sending items.
[10/16/2015 10:48:38 PM] [Exception] ZaupFeast >> Exception in checkFeast -> Exception in ZaupFeast: System.NullReferenceException: Object reference not set to an instance of an object
  at ZaupFeast.Feast.runFeast () [0x00000] in <filename unknown>:0 
  at ZaupFeast.Feast.checkFeast () [0x00000] in <filename unknown>:0 
[10/16/2015 10:49:07 PM] [Info] MessageAnnouncer >> Добро пожаловать на наш сервер
[10/16/2015 10:49:37 PM] [Info] MessageAnnouncer >> На нашем сервере есть команда:/правила!
[10/16/2015 10:49:38 PM] [Info] ZaupFeast >> The skydrop plane bundle is not the server!  Cannot trigger the airdrop animation.  Just sending items.
[10/16/2015 10:49:38 PM] [Exception] ZaupFeast >> Exception in checkFeast -> Exception in ZaupFeast: System.NullReferenceException: Object reference not set to an instance of an object
  at ZaupFeast.Feast.runFeast () [0x00000] in <filename unknown>:0 
  at ZaupFeast.Feast.checkFeast () [0x00000] in <filename unknown>:0 
[10/16/2015 10:50:07 PM] [Info] MessageAnnouncer >> В котором вы можете ознакомиться с правилами сервера.
[10/16/2015 10:50:37 PM] [Info] MessageAnnouncer >> Вы может помочь серверу купив привилегию!
[10/16/2015 10:50:38 PM] [Info] ZaupFeast >> The skydrop plane bundle is not the server!  Cannot trigger the airdrop animation.  Just sending items.
[10/16/2015 10:50:38 PM] [Exception] ZaupFeast >> Exception in checkFeast -> Exception in ZaupFeast: System.NullReferenceException: Object reference not set to an instance of an object
  at ZaupFeast.Feast.runFeast () [0x00000] in <filename unknown>:0 
  at ZaupFeast.Feast.checkFeast () [0x00000] in <filename unknown>:0 
[10/16/2015 10:51:07 PM] [Info] MessageAnnouncer >> Что касается помощи, Доната, создания фракции, писать Tiger'у
[10/16/2015 10:51:37 PM] [Info] MessageAnnouncer >> Или же писать в ВК.ID fill_cross
[10/16/2015 10:51:38 PM] [Info] ZaupFeast >> The skydrop plane bundle is not the server!  Cannot trigger the airdrop animation.  Just sending items.
[10/16/2015 10:51:38 PM] [Exception] ZaupFeast >> Exception in checkFeast -> Exception in ZaupFeast: System.NullReferenceException: Object reference not set to an instance of an object
  at ZaupFeast.Feast.runFeast () [0x00000] in <filename unknown>:0 
  at ZaupFeast.Feast.checkFeast () [0x00000] in <filename unknown>:0 
[10/16/2015 10:52:07 PM] [Info] MessageAnnouncer >> Проверить список администраторов командой:/админы
[10/16/2015 10:52:37 PM] [Info] MessageAnnouncer >> Проверить список фракций можно командой:/фракция
[10/16/2015 10:52:38 PM] [Info] ZaupFeast >> The skydrop plane bundle is not the server!  Cannot trigger the airdrop animation.  Just sending items.
[10/16/2015 10:52:38 PM] [Exception] ZaupFeast >> Exception in checkFeast -> Exception in ZaupFeast: System.NullReferenceException: Object reference not set to an instance of an object
  at ZaupFeast.Feast.runFeast () [0x00000] in <filename unknown>:0 
  at ZaupFeast.Feast.checkFeast () [0x00000] in <filename unknown>:0 
[10/16/2015 10:53:07 PM] [Info] MessageAnnouncer >> Узнать список вип игроков можна командой:/випы
[10/16/2015 10:53:37 PM] [Info] MessageAnnouncer >> Если вы не видите самолет который сбрасывает аирдроп, повысьте...
[10/16/2015 10:53:38 PM] [Info] ZaupFeast >> The skydrop plane bundle is not the server!  Cannot trigger the airdrop animation.  Just sending items.
[10/16/2015 10:53:38 PM] [Exception] ZaupFeast >> Exception in checkFeast -> Exception in ZaupFeast: System.NullReferenceException: Object reference not set to an instance of an object
  at ZaupFeast.Feast.runFeast () [0x00000] in <filename unknown>:0 
  at ZaupFeast.Feast.checkFeast () [0x00000] in <filename unknown>:0 
[10/16/2015 10:54:07 PM] [Info] MessageAnnouncer >> ....детализацию на ультра!
[10/16/2015 10:54:37 PM] [Info] MessageAnnouncer >> Вы можете взять стартовый кит командой /givekit Start
[10/16/2015 10:54:38 PM] [Info] ZaupFeast >> The skydrop plane bundle is not the server!  Cannot trigger the airdrop animation.  Just sending items.
[10/16/2015 10:54:38 PM] [Exception] ZaupFeast >> Exception in checkFeast -> Exception in ZaupFeast: System.NullReferenceException: Object reference not set to an instance of an object
  at ZaupFeast.Feast.runFeast () [0x00000] in <filename unknown>:0 
  at ZaupFeast.Feast.checkFeast () [0x00000] in <filename unknown>:0 
[10/16/2015 10:55:07 PM] [Info] MessageAnnouncer >> Удачной игры!
