[11/23/2015 9:52:18 PM] [Error] Invalid or outdated plugin assembly: ApokCore
[11/23/2015 9:52:18 PM] [Info] Loading plugin: AutoShutdown2
[11/23/2015 9:52:18 PM] [Info] AutoShutdown2 >>  Version 0.5.1 loaded.
[11/23/2015 9:52:18 PM] [Info] Loading plugin: ChatControl
[11/23/2015 9:52:18 PM] [Info] Adding UnturnedPlayerComponent: ChatControlPlayerComponent
[11/23/2015 9:52:18 PM] [Info] Loading plugin: GiveKit
[11/23/2015 9:52:18 PM] [Error] OverflowException: Value too large or too small. - System.Int32.Parse (System.String s, NumberStyles style, IFormatProvider provider)
System.Xml.XmlConvert.ToInt32 (System.String s)
System.Xml.Serialization.XmlCustomFormatter.FromXmlString (System.Xml.Serialization.TypeData type, System.String value)
System.Xml.Serialization.XmlSerializationReaderInterpreter.GetValueFromXmlString (System.String value, System.Xml.Serialization.TypeData typeData, System.Xml.Serialization.XmlTypeMapping typeMap)
System.Xml.Serialization.XmlSerializationReaderInterpreter.ReadPrimitiveValue (System.Xml.Serialization.XmlTypeMapElementInfo elem)
System.Xml.Serialization.XmlSerializationReaderInterpreter.ReadObjectElement (System.Xml.Serialization.XmlTypeMapElementInfo elem)
System.Xml.Serialization.XmlSerializationReaderInterpreter.ReadMembers (System.Xml.Serialization.ClassMap map, System.Object ob, Boolean isValueList, Boolean readByOrder)
System.Xml.Serialization.XmlSerializationReaderInterpreter.ReadClassInstanceMembers (System.Xml.Serialization.XmlTypeMapping typeMap, System.Object ob)
System.Xml.Serialization.XmlSerializationReaderInterpreter.ReadClassInstance (System.Xml.Serialization.XmlTypeMapping typeMap, Boolean isNullable, Boolean checkType)
System.Xml.Serialization.XmlSerializationReaderInterpreter.ReadObject (System.Xml.Serialization.XmlTypeMapping typeMap, Boolean isNullable, Boolean checkType)
System.Xml.Serialization.XmlSerializationReaderInterpreter.ReadObjectElement (System.Xml.Serialization.XmlTypeMapElementInfo elem)
System.Xml.Serialization.XmlSerializationReaderInterpreter.ReadListElement (System.Xml.Serialization.XmlTypeMapping typeMap, Boolean isNullable, System.Object list, Boolean canCreateInstance)
System.Xml.Serialization.XmlSerializationReaderInterpreter.ReadMembers (System.Xml.Serialization.ClassMap map, System.Object ob, Boolean isValueList, Boolean readByOrder)
System.Xml.Serialization.XmlSerializationReaderInterpreter.ReadClassInstanceMembers (System.Xml.Serialization.XmlTypeMapping typeMap, System.Object ob)
System.Xml.Serialization.XmlSerializationReaderInterpreter.ReadClassInstance (System.Xml.Serialization.XmlTypeMapping typeMap, Boolean isNullable, Boolean checkType)
System.Xml.Serialization.XmlSerializationReaderInterpreter.ReadObject (System.Xml.Serialization.XmlTypeMapping typeMap, Boolean isNullable, Boolean checkType)
System.Xml.Serialization.XmlSerializationReaderInterpreter.ReadRoot (System.Xml.Serialization.XmlTypeMapping rootMap)
System.Xml.Serialization.XmlSerializationReaderInterpreter.ReadRoot ()
System.Xml.Serialization.XmlSerializer.Deserialize (System.Xml.Serialization.XmlSerializationReader reader)
Rethrow as Exception: Failed to deserialize XMLFileAsset: Plugins/Kits/Kits.configuration.xml
Rocket.Core.Assets.XMLFileAsset`1[fr34kyn01535.Kits.KitsConfiguration].Load (Rocket.Core.Assets.AssetLoaded`1 callback, Boolean update)
Rocket.Core.Assets.XMLFileAsset`1[fr34kyn01535.Kits.KitsConfiguration]..ctor (System.String file, System.Type[] extraTypes, fr34kyn01535.Kits.KitsConfiguration defaultInstance)
Rocket.Core.Plugins.RocketPlugin`1[TConfiguration].LoadPlugin ()
Rocket.Core.Plugins.RocketPlugin.OnEnable ()
UnityEngine.GameObject:.ctor(String, Type[])
Rocket.Core.Plugins.RocketPluginManager:loadPlugins()
Rocket.Core.Plugins.RocketPluginManager:Start()

[11/23/2015 9:52:18 PM] [Info] Loading plugin: MessageAnnouncer
[11/23/2015 9:52:18 PM] [Info] MessageAnnouncer >> Load
[11/23/2015 9:52:18 PM] [Info] Loading plugin: ZaupClearInventoryLib
[11/23/2015 9:52:18 PM] [Info] Loading plugin: ZaupFeast
[11/23/2015 9:52:18 PM] [Info] ZaupFeast >> The next feast will be at Kent Raceway at 11/23/2015 10:22:18 PM
[11/23/2015 9:52:18 PM] [Info] This server will automatically save every 1800 seconds
[11/23/2015 9:52:20 PM] [Info] MessageAnnouncer >> Welcome to our server
[11/23/2015 9:52:52 PM] [Info] MessageAnnouncer >> On our server there that command:/rules!
[11/23/2015 9:53:22 PM] [Info] MessageAnnouncer >> In which you can see the server rules.
[11/23/2015 9:53:52 PM] [Info] MessageAnnouncer >> You can help by purchasing a server privilege!
[11/23/2015 9:54:22 PM] [Info] MessageAnnouncer >> Regarding the aid, Donat, create a faction,write Tiger
[11/23/2015 9:54:52 PM] [Info] MessageAnnouncer >> Or write to the VK.ID fill_cross
[11/23/2015 9:55:22 PM] [Info] MessageAnnouncer >> Check the list of administrators:/adminstrators
[11/23/2015 9:55:52 PM] [Info] MessageAnnouncer >> Check the list of factions:/fraction
[11/23/2015 9:56:02 PM] [Info] Connecting: PlayerID: 76561198167532623 Name: Keni2 Character: TIger_off
[11/23/2015 9:56:14 PM] [Info] [Area] TIger_off [Keni2]: "/kits"
[11/23/2015 9:56:20 PM] [Info] [Area] TIger_off [Keni2]: "/kit"
[11/23/2015 9:56:22 PM] [Info] MessageAnnouncer >> VIP players get a list with the command:/vips
[11/23/2015 9:56:23 PM] [Info] [Area] TIger_off [Keni2]: "/kit 1"
[11/23/2015 9:56:23 PM] [Info] ApokCore >> There was an error clearing TIger_off's inventory.  Here is the error.
[11/23/2015 9:56:52 PM] [Info] MessageAnnouncer >> If you can not see the airplane, then set the detail on ultra!
[11/23/2015 9:57:06 PM] [Info] [World] TIger_off [Keni2]: "/kit Tiger"
[11/23/2015 9:57:17 PM] [Info] [Area] TIger_off [Keni2]: "/kit"
[11/23/2015 9:57:22 PM] [Info] MessageAnnouncer >> You can take a starter kit command /givekit Start
[11/23/2015 9:57:23 PM] [Info] [World] TIger_off [Keni2]: "/kit Admins1"
[11/23/2015 9:57:30 PM] [Info] [Area] TIger_off [Keni2]: "/kit Tima"
[11/23/2015 9:57:34 PM] [Info] [Area] TIger_off [Keni2]: "/kit 2"
[11/23/2015 9:57:52 PM] [Info] MessageAnnouncer >> Good luck!
[11/23/2015 9:58:10 PM] [Info] Disconnecting: PlayerID: 76561198167532623 Name: Keni2 Character: TIger_off
[11/23/2015 9:58:22 PM] [Info] Unloading plugin: GiveKit
[11/23/2015 9:58:22 PM] [Info] Unloading plugin: MessageAnnouncer
[11/23/2015 9:58:22 PM] [Info] MessageAnnouncer >> Unload
[11/23/2015 9:58:22 PM] [Info] Unloading plugin: ChatControl
[11/23/2015 9:58:22 PM] [Info] Unloading plugin: ZaupFeast
[11/23/2015 9:58:22 PM] [Info] Unloading plugin: Kits
[11/23/2015 9:58:22 PM] [Info] Unloading plugin: AutoShutdown2
[11/23/2015 9:58:22 PM] [Info] Unloading plugin: ZaupClearInventoryLib
