[10/14/2015 5:47:03 PM] [Info] Loading plugin: AutoShutdown2
[10/14/2015 5:47:03 PM] [Info] AutoShutdown2 >>  Version 0.5.1 loaded.
[10/14/2015 5:47:03 PM] [Info] Loading plugin: ChatControl
[10/14/2015 5:47:04 PM] [Info] Adding UnturnedPlayerComponent: ChatControlPlayerComponent
[10/14/2015 5:47:04 PM] [Info] Loading plugin: Kits
[10/14/2015 5:47:04 PM] [Info] Loading plugin: MessageAnnouncer
[10/14/2015 5:47:04 PM] [Info] MessageAnnouncer >> Load
[10/14/2015 5:47:04 PM] [Info] Loading plugin: ZaupClearInventoryLib
[10/14/2015 5:47:04 PM] [Info] Loading plugin: ZaupFeast
[10/14/2015 5:47:04 PM] [Info] ZaupFeast >> The next feast will be at Fernwood Farm at 10/14/2015 6:17:17 PM
[10/14/2015 5:47:04 PM] [Info] This server will automatically save every 1800 seconds
[10/14/2015 5:47:09 PM] [Info] MessageAnnouncer >> Welcome to our server
[10/14/2015 5:47:39 PM] [Info] MessageAnnouncer >> On our server there that command:/rules!
[10/14/2015 5:48:09 PM] [Info] MessageAnnouncer >> In which you can see the server rules.
[10/14/2015 5:48:39 PM] [Info] MessageAnnouncer >> If you like the server can help him by purchasing the privilege!
[10/14/2015 5:49:09 PM] [Info] MessageAnnouncer >> Regarding the aid, Donat, create a faction,write Tiger
[10/14/2015 5:49:39 PM] [Info] MessageAnnouncer >> Check the list of administrators:/adminstrators
[10/14/2015 5:50:09 PM] [Info] MessageAnnouncer >> Check the list of factions:/fraction
[10/14/2015 5:50:39 PM] [Info] MessageAnnouncer >> VIP players get a list with the command:/vips
[10/14/2015 5:51:09 PM] [Info] MessageAnnouncer >> If you can not see the airplane, then set the detail on ultra!
[10/14/2015 5:51:39 PM] [Info] MessageAnnouncer >> Good luck!
[10/14/2015 5:52:09 PM] [Info] MessageAnnouncer >> Добро пожаловать на наш сервер
[10/14/2015 5:52:39 PM] [Info] MessageAnnouncer >> На нашем сервере есть команда:/правила!
[10/14/2015 5:53:09 PM] [Info] MessageAnnouncer >> В котором вы можете ознакомиться с правилами сервера.
[10/14/2015 5:53:39 PM] [Info] MessageAnnouncer >> Если вам понравился сервер может помочь ему купив привилегию!
[10/14/2015 5:54:09 PM] [Info] MessageAnnouncer >> Что касается помощи, Доната, создания фракции, писать Tiger'у
[10/14/2015 5:54:39 PM] [Info] MessageAnnouncer >> Проверить список администраторов командой:/админы
[10/14/2015 5:55:09 PM] [Info] MessageAnnouncer >> Проверить список фракций можна командой:/фракция
[10/14/2015 5:55:39 PM] [Info] MessageAnnouncer >> Узнать список вип игроков можна командой:/випы
[10/14/2015 5:56:09 PM] [Info] MessageAnnouncer >> Если вы не видите самолет который сбрасывает аирдроп установите...
[10/14/2015 5:56:39 PM] [Info] MessageAnnouncer >> ....детализацию на ультра!
[10/14/2015 5:57:09 PM] [Info] MessageAnnouncer >> Удачной игры!
[10/14/2015 5:57:39 PM] [Info] MessageAnnouncer >> Welcome to our server
[10/14/2015 5:58:09 PM] [Info] MessageAnnouncer >> On our server there that command:/rules!
[10/14/2015 5:58:39 PM] [Info] MessageAnnouncer >> In which you can see the server rules.
[10/14/2015 5:59:09 PM] [Info] MessageAnnouncer >> If you like the server can help him by purchasing the privilege!
