[10/14/2015 6:31:43 PM] [Error] Invalid or outdated plugin assembly: ApokCore
[10/14/2015 6:31:43 PM] [Info] Loading plugin: AutoShutdown2
[10/14/2015 6:31:43 PM] [Info] AutoShutdown2 >>  Version 0.5.1 loaded.
[10/14/2015 6:31:43 PM] [Info] Loading plugin: ChatControl
[10/14/2015 6:31:43 PM] [Info] Adding UnturnedPlayerComponent: ChatControlPlayerComponent
[10/14/2015 6:31:43 PM] [Info] Loading plugin: GiveKit
[10/14/2015 6:31:43 PM] [Error] OverflowException: Value too large or too small. - System.Int32.Parse (System.String s, NumberStyles style, IFormatProvider provider)
System.Xml.XmlConvert.ToInt32 (System.String s)
System.Xml.Serialization.XmlCustomFormatter.FromXmlString (System.Xml.Serialization.TypeData type, System.String value)
System.Xml.Serialization.XmlSerializationReaderInterpreter.GetValueFromXmlString (System.String value, System.Xml.Serialization.TypeData typeData, System.Xml.Serialization.XmlTypeMapping typeMap)
System.Xml.Serialization.XmlSerializationReaderInterpreter.ReadPrimitiveValue (System.Xml.Serialization.XmlTypeMapElementInfo elem)
System.Xml.Serialization.XmlSerializationReaderInterpreter.ReadObjectElement (System.Xml.Serialization.XmlTypeMapElementInfo elem)
System.Xml.Serialization.XmlSerializationReaderInterpreter.ReadMembers (System.Xml.Serialization.ClassMap map, System.Object ob, Boolean isValueList, Boolean readByOrder)
System.Xml.Serialization.XmlSerializationReaderInterpreter.ReadClassInstanceMembers (System.Xml.Serialization.XmlTypeMapping typeMap, System.Object ob)
System.Xml.Serialization.XmlSerializationReaderInterpreter.ReadClassInstance (System.Xml.Serialization.XmlTypeMapping typeMap, Boolean isNullable, Boolean checkType)
System.Xml.Serialization.XmlSerializationReaderInterpreter.ReadObject (System.Xml.Serialization.XmlTypeMapping typeMap, Boolean isNullable, Boolean checkType)
System.Xml.Serialization.XmlSerializationReaderInterpreter.ReadObjectElement (System.Xml.Serialization.XmlTypeMapElementInfo elem)
System.Xml.Serialization.XmlSerializationReaderInterpreter.ReadListElement (System.Xml.Serialization.XmlTypeMapping typeMap, Boolean isNullable, System.Object list, Boolean canCreateInstance)
System.Xml.Serialization.XmlSerializationReaderInterpreter.ReadMembers (System.Xml.Serialization.ClassMap map, System.Object ob, Boolean isValueList, Boolean readByOrder)
System.Xml.Serialization.XmlSerializationReaderInterpreter.ReadClassInstanceMembers (System.Xml.Serialization.XmlTypeMapping typeMap, System.Object ob)
System.Xml.Serialization.XmlSerializationReaderInterpreter.ReadClassInstance (System.Xml.Serialization.XmlTypeMapping typeMap, Boolean isNullable, Boolean checkType)
System.Xml.Serialization.XmlSerializationReaderInterpreter.ReadObject (System.Xml.Serialization.XmlTypeMapping typeMap, Boolean isNullable, Boolean checkType)
System.Xml.Serialization.XmlSerializationReaderInterpreter.ReadRoot (System.Xml.Serialization.XmlTypeMapping rootMap)
System.Xml.Serialization.XmlSerializationReaderInterpreter.ReadRoot ()
System.Xml.Serialization.XmlSerializer.Deserialize (System.Xml.Serialization.XmlSerializationReader reader)
Rethrow as Exception: Failed to deserialize XMLFileAsset: Plugins/Kits/Kits.configuration.xml
Rocket.Core.Assets.XMLFileAsset`1[fr34kyn01535.Kits.KitsConfiguration].Load (Rocket.Core.Assets.AssetLoaded`1 callback, Boolean update)
Rocket.Core.Assets.XMLFileAsset`1[fr34kyn01535.Kits.KitsConfiguration]..ctor (System.String file, System.Type[] extraTypes, fr34kyn01535.Kits.KitsConfiguration defaultInstance)
Rocket.Core.Plugins.RocketPlugin`1[TConfiguration].LoadPlugin ()
Rocket.Core.Plugins.RocketPlugin.OnEnable ()
UnityEngine.GameObject:.ctor(String, Type[])
Rocket.Core.Plugins.RocketPluginManager:loadPlugins()
Rocket.Core.Plugins.RocketPluginManager:Start()

[10/14/2015 6:31:44 PM] [Info] Loading plugin: MessageAnnouncer
[10/14/2015 6:31:44 PM] [Info] MessageAnnouncer >> Load
[10/14/2015 6:31:44 PM] [Info] Loading plugin: ZaupClearInventoryLib
[10/14/2015 6:31:44 PM] [Info] Loading plugin: ZaupFeast
[10/14/2015 6:31:44 PM] [Info] ZaupFeast >> The next feast will be at Holman Isle at 10/14/2015 7:01:51 PM
[10/14/2015 6:31:44 PM] [Info] This server will automatically save every 1800 seconds
[10/14/2015 6:31:49 PM] [Info] MessageAnnouncer >> Welcome to our server
[10/14/2015 6:32:19 PM] [Info] MessageAnnouncer >> On our server there that command:/rules!
[10/14/2015 6:32:49 PM] [Info] MessageAnnouncer >> In which you can see the server rules.
[10/14/2015 6:33:19 PM] [Info] MessageAnnouncer >> If you like the server can help him by purchasing the privilege!
[10/14/2015 6:33:49 PM] [Info] MessageAnnouncer >> Regarding the aid, Donat, create a faction,write Tiger
[10/14/2015 6:34:19 PM] [Info] MessageAnnouncer >> Check the list of administrators:/adminstrators
[10/14/2015 6:34:49 PM] [Info] MessageAnnouncer >> Check the list of factions:/fraction
[10/14/2015 6:35:19 PM] [Info] MessageAnnouncer >> VIP players get a list with the command:/vips
[10/14/2015 6:35:49 PM] [Info] MessageAnnouncer >> If you can not see the airplane, then set the detail on ultra!
[10/14/2015 6:36:19 PM] [Info] MessageAnnouncer >> Good luck!
[10/14/2015 6:36:49 PM] [Info] MessageAnnouncer >> Добро пожаловать на наш сервер
[10/14/2015 6:37:19 PM] [Info] MessageAnnouncer >> На нашем сервере есть команда:/правила!
[10/14/2015 6:37:49 PM] [Info] MessageAnnouncer >> В котором вы можете ознакомиться с правилами сервера.
[10/14/2015 6:38:19 PM] [Info] MessageAnnouncer >> Если вам понравился сервер может помочь ему купив привилегию!
[10/14/2015 6:38:49 PM] [Info] MessageAnnouncer >> Что касается помощи, Доната, создания фракции, писать Tiger'у
[10/14/2015 6:39:19 PM] [Info] MessageAnnouncer >> Проверить список администраторов командой:/админы
[10/14/2015 6:39:49 PM] [Info] MessageAnnouncer >> Проверить список фракций можна командой:/фракция
[10/14/2015 6:40:19 PM] [Info] MessageAnnouncer >> Узнать список вип игроков можна командой:/випы
[10/14/2015 6:40:49 PM] [Info] MessageAnnouncer >> Если вы не видите самолет который сбрасывает аирдроп установите...
[10/14/2015 6:41:19 PM] [Info] MessageAnnouncer >> ....детализацию на ультра!
[10/14/2015 6:41:49 PM] [Info] MessageAnnouncer >> Удачной игры!
[10/14/2015 6:42:19 PM] [Info] MessageAnnouncer >> Welcome to our server
[10/14/2015 6:42:49 PM] [Info] MessageAnnouncer >> On our server there that command:/rules!
[10/14/2015 6:43:19 PM] [Info] MessageAnnouncer >> In which you can see the server rules.
[10/14/2015 6:43:49 PM] [Info] MessageAnnouncer >> If you like the server can help him by purchasing the privilege!
[10/14/2015 6:44:19 PM] [Info] MessageAnnouncer >> Regarding the aid, Donat, create a faction,write Tiger
[10/14/2015 6:44:49 PM] [Info] MessageAnnouncer >> Check the list of administrators:/adminstrators
[10/14/2015 6:45:19 PM] [Info] MessageAnnouncer >> Check the list of factions:/fraction
[10/14/2015 6:45:49 PM] [Info] MessageAnnouncer >> VIP players get a list with the command:/vips
[10/14/2015 6:46:19 PM] [Info] MessageAnnouncer >> If you can not see the airplane, then set the detail on ultra!
[10/14/2015 6:46:49 PM] [Info] MessageAnnouncer >> Good luck!
[10/14/2015 6:47:19 PM] [Info] MessageAnnouncer >> Добро пожаловать на наш сервер
[10/14/2015 6:47:49 PM] [Info] MessageAnnouncer >> На нашем сервере есть команда:/правила!
[10/14/2015 6:48:19 PM] [Info] MessageAnnouncer >> В котором вы можете ознакомиться с правилами сервера.
[10/14/2015 6:48:49 PM] [Info] MessageAnnouncer >> Если вам понравился сервер может помочь ему купив привилегию!
[10/14/2015 6:49:19 PM] [Info] MessageAnnouncer >> Что касается помощи, Доната, создания фракции, писать Tiger'у
[10/14/2015 6:49:49 PM] [Info] MessageAnnouncer >> Проверить список администраторов командой:/админы
[10/14/2015 6:50:19 PM] [Info] MessageAnnouncer >> Проверить список фракций можна командой:/фракция
[10/14/2015 6:50:49 PM] [Info] MessageAnnouncer >> Узнать список вип игроков можна командой:/випы
[10/14/2015 6:51:19 PM] [Info] MessageAnnouncer >> Если вы не видите самолет который сбрасывает аирдроп установите...
[10/14/2015 6:51:49 PM] [Info] MessageAnnouncer >> ....детализацию на ультра!
[10/14/2015 6:52:19 PM] [Info] MessageAnnouncer >> Удачной игры!
[10/14/2015 6:52:49 PM] [Info] MessageAnnouncer >> Welcome to our server
[10/14/2015 6:53:19 PM] [Info] MessageAnnouncer >> On our server there that command:/rules!
[10/14/2015 6:53:49 PM] [Info] MessageAnnouncer >> In which you can see the server rules.
[10/14/2015 6:54:19 PM] [Info] MessageAnnouncer >> If you like the server can help him by purchasing the privilege!
[10/14/2015 6:54:49 PM] [Info] MessageAnnouncer >> Regarding the aid, Donat, create a faction,write Tiger
[10/14/2015 6:55:19 PM] [Info] MessageAnnouncer >> Check the list of administrators:/adminstrators
[10/14/2015 6:55:49 PM] [Info] MessageAnnouncer >> Check the list of factions:/fraction
[10/14/2015 6:56:20 PM] [Info] MessageAnnouncer >> VIP players get a list with the command:/vips
[10/14/2015 6:56:50 PM] [Info] MessageAnnouncer >> If you can not see the airplane, then set the detail on ultra!
[10/14/2015 6:57:20 PM] [Info] MessageAnnouncer >> Good luck!
[10/14/2015 6:57:50 PM] [Info] MessageAnnouncer >> Добро пожаловать на наш сервер
[10/14/2015 6:58:20 PM] [Info] MessageAnnouncer >> На нашем сервере есть команда:/правила!
[10/14/2015 6:58:50 PM] [Info] MessageAnnouncer >> В котором вы можете ознакомиться с правилами сервера.
[10/14/2015 6:59:20 PM] [Info] MessageAnnouncer >> Если вам понравился сервер может помочь ему купив привилегию!
[10/14/2015 6:59:50 PM] [Info] MessageAnnouncer >> Что касается помощи, Доната, создания фракции, писать Tiger'у
[10/14/2015 7:00:20 PM] [Info] MessageAnnouncer >> Проверить список администраторов командой:/админы
[10/14/2015 7:00:50 PM] [Info] MessageAnnouncer >> Проверить список фракций можна командой:/фракция
[10/14/2015 7:01:20 PM] [Info] MessageAnnouncer >> Узнать список вип игроков можна командой:/випы
[10/14/2015 7:01:44 PM] [Info] Saving server
[10/14/2015 7:01:50 PM] [Info] MessageAnnouncer >> Если вы не видите самолет который сбрасывает аирдроп установите...
[10/14/2015 7:01:51 PM] [Info] ZaupFeast >> The skydrop plane bundle is not the server!  Cannot trigger the airdrop animation.  Just sending items.
[10/14/2015 7:01:51 PM] [Exception] ZaupFeast >> Exception in checkFeast -> Exception in ZaupFeast: System.NullReferenceException: Object reference not set to an instance of an object
  at ZaupFeast.Feast.runFeast () [0x00000] in <filename unknown>:0 
  at ZaupFeast.Feast.checkFeast () [0x00000] in <filename unknown>:0 
[10/14/2015 7:02:24 PM] [Info] MessageAnnouncer >> ....детализацию на ультра!
[10/14/2015 7:02:51 PM] [Info] ZaupFeast >> The skydrop plane bundle is not the server!  Cannot trigger the airdrop animation.  Just sending items.
[10/14/2015 7:02:51 PM] [Exception] ZaupFeast >> Exception in checkFeast -> Exception in ZaupFeast: System.NullReferenceException: Object reference not set to an instance of an object
  at ZaupFeast.Feast.runFeast () [0x00000] in <filename unknown>:0 
  at ZaupFeast.Feast.checkFeast () [0x00000] in <filename unknown>:0 
[10/14/2015 7:02:54 PM] [Info] MessageAnnouncer >> Удачной игры!
[10/14/2015 7:03:24 PM] [Info] MessageAnnouncer >> Welcome to our server
[10/14/2015 7:03:51 PM] [Info] ZaupFeast >> The skydrop plane bundle is not the server!  Cannot trigger the airdrop animation.  Just sending items.
[10/14/2015 7:03:51 PM] [Exception] ZaupFeast >> Exception in checkFeast -> Exception in ZaupFeast: System.NullReferenceException: Object reference not set to an instance of an object
  at ZaupFeast.Feast.runFeast () [0x00000] in <filename unknown>:0 
  at ZaupFeast.Feast.checkFeast () [0x00000] in <filename unknown>:0 
[10/14/2015 7:03:54 PM] [Info] MessageAnnouncer >> On our server there that command:/rules!
[10/14/2015 7:04:24 PM] [Info] MessageAnnouncer >> In which you can see the server rules.
[10/14/2015 7:04:51 PM] [Info] ZaupFeast >> The skydrop plane bundle is not the server!  Cannot trigger the airdrop animation.  Just sending items.
[10/14/2015 7:04:51 PM] [Exception] ZaupFeast >> Exception in checkFeast -> Exception in ZaupFeast: System.NullReferenceException: Object reference not set to an instance of an object
  at ZaupFeast.Feast.runFeast () [0x00000] in <filename unknown>:0 
  at ZaupFeast.Feast.checkFeast () [0x00000] in <filename unknown>:0 
[10/14/2015 7:04:54 PM] [Info] MessageAnnouncer >> If you like the server can help him by purchasing the privilege!
[10/14/2015 7:05:24 PM] [Info] MessageAnnouncer >> Regarding the aid, Donat, create a faction,write Tiger
[10/14/2015 7:05:51 PM] [Info] ZaupFeast >> The skydrop plane bundle is not the server!  Cannot trigger the airdrop animation.  Just sending items.
[10/14/2015 7:05:51 PM] [Exception] ZaupFeast >> Exception in checkFeast -> Exception in ZaupFeast: System.NullReferenceException: Object reference not set to an instance of an object
  at ZaupFeast.Feast.runFeast () [0x00000] in <filename unknown>:0 
  at ZaupFeast.Feast.checkFeast () [0x00000] in <filename unknown>:0 
[10/14/2015 7:05:54 PM] [Info] MessageAnnouncer >> Check the list of administrators:/adminstrators
[10/14/2015 7:06:24 PM] [Info] MessageAnnouncer >> Check the list of factions:/fraction
[10/14/2015 7:06:51 PM] [Info] ZaupFeast >> The skydrop plane bundle is not the server!  Cannot trigger the airdrop animation.  Just sending items.
[10/14/2015 7:06:51 PM] [Exception] ZaupFeast >> Exception in checkFeast -> Exception in ZaupFeast: System.NullReferenceException: Object reference not set to an instance of an object
  at ZaupFeast.Feast.runFeast () [0x00000] in <filename unknown>:0 
  at ZaupFeast.Feast.checkFeast () [0x00000] in <filename unknown>:0 
[10/14/2015 7:06:54 PM] [Info] MessageAnnouncer >> VIP players get a list with the command:/vips
[10/14/2015 7:07:24 PM] [Info] MessageAnnouncer >> If you can not see the airplane, then set the detail on ultra!
[10/14/2015 7:07:51 PM] [Info] ZaupFeast >> The skydrop plane bundle is not the server!  Cannot trigger the airdrop animation.  Just sending items.
[10/14/2015 7:07:51 PM] [Exception] ZaupFeast >> Exception in checkFeast -> Exception in ZaupFeast: System.NullReferenceException: Object reference not set to an instance of an object
  at ZaupFeast.Feast.runFeast () [0x00000] in <filename unknown>:0 
  at ZaupFeast.Feast.checkFeast () [0x00000] in <filename unknown>:0 
[10/14/2015 7:07:54 PM] [Info] MessageAnnouncer >> Good luck!
[10/14/2015 7:08:24 PM] [Info] MessageAnnouncer >> Добро пожаловать на наш сервер
[10/14/2015 7:08:51 PM] [Info] ZaupFeast >> The skydrop plane bundle is not the server!  Cannot trigger the airdrop animation.  Just sending items.
[10/14/2015 7:08:51 PM] [Exception] ZaupFeast >> Exception in checkFeast -> Exception in ZaupFeast: System.NullReferenceException: Object reference not set to an instance of an object
  at ZaupFeast.Feast.runFeast () [0x00000] in <filename unknown>:0 
  at ZaupFeast.Feast.checkFeast () [0x00000] in <filename unknown>:0 
[10/14/2015 7:08:54 PM] [Info] MessageAnnouncer >> На нашем сервере есть команда:/правила!
[10/14/2015 7:09:24 PM] [Info] MessageAnnouncer >> В котором вы можете ознакомиться с правилами сервера.
[10/14/2015 7:09:51 PM] [Info] ZaupFeast >> The skydrop plane bundle is not the server!  Cannot trigger the airdrop animation.  Just sending items.
[10/14/2015 7:09:51 PM] [Exception] ZaupFeast >> Exception in checkFeast -> Exception in ZaupFeast: System.NullReferenceException: Object reference not set to an instance of an object
  at ZaupFeast.Feast.runFeast () [0x00000] in <filename unknown>:0 
  at ZaupFeast.Feast.checkFeast () [0x00000] in <filename unknown>:0 
[10/14/2015 7:09:54 PM] [Info] MessageAnnouncer >> Если вам понравился сервер может помочь ему купив привилегию!
[10/14/2015 7:10:24 PM] [Info] MessageAnnouncer >> Что касается помощи, Доната, создания фракции, писать Tiger'у
[10/14/2015 7:10:51 PM] [Info] ZaupFeast >> The skydrop plane bundle is not the server!  Cannot trigger the airdrop animation.  Just sending items.
[10/14/2015 7:10:51 PM] [Exception] ZaupFeast >> Exception in checkFeast -> Exception in ZaupFeast: System.NullReferenceException: Object reference not set to an instance of an object
  at ZaupFeast.Feast.runFeast () [0x00000] in <filename unknown>:0 
  at ZaupFeast.Feast.checkFeast () [0x00000] in <filename unknown>:0 
[10/14/2015 7:10:54 PM] [Info] MessageAnnouncer >> Проверить список администраторов командой:/админы
[10/14/2015 7:11:24 PM] [Info] MessageAnnouncer >> Проверить список фракций можна командой:/фракция
[10/14/2015 7:11:51 PM] [Info] ZaupFeast >> The skydrop plane bundle is not the server!  Cannot trigger the airdrop animation.  Just sending items.
[10/14/2015 7:11:51 PM] [Exception] ZaupFeast >> Exception in checkFeast -> Exception in ZaupFeast: System.NullReferenceException: Object reference not set to an instance of an object
  at ZaupFeast.Feast.runFeast () [0x00000] in <filename unknown>:0 
  at ZaupFeast.Feast.checkFeast () [0x00000] in <filename unknown>:0 
[10/14/2015 7:11:54 PM] [Info] MessageAnnouncer >> Узнать список вип игроков можна командой:/випы
[10/14/2015 7:12:24 PM] [Info] MessageAnnouncer >> Если вы не видите самолет который сбрасывает аирдроп установите...
[10/14/2015 7:12:51 PM] [Info] ZaupFeast >> The skydrop plane bundle is not the server!  Cannot trigger the airdrop animation.  Just sending items.
[10/14/2015 7:12:51 PM] [Exception] ZaupFeast >> Exception in checkFeast -> Exception in ZaupFeast: System.NullReferenceException: Object reference not set to an instance of an object
  at ZaupFeast.Feast.runFeast () [0x00000] in <filename unknown>:0 
  at ZaupFeast.Feast.checkFeast () [0x00000] in <filename unknown>:0 
[10/14/2015 7:12:54 PM] [Info] MessageAnnouncer >> ....детализацию на ультра!
[10/14/2015 7:13:24 PM] [Info] MessageAnnouncer >> Удачной игры!
[10/14/2015 7:13:51 PM] [Info] ZaupFeast >> The skydrop plane bundle is not the server!  Cannot trigger the airdrop animation.  Just sending items.
[10/14/2015 7:13:51 PM] [Exception] ZaupFeast >> Exception in checkFeast -> Exception in ZaupFeast: System.NullReferenceException: Object reference not set to an instance of an object
  at ZaupFeast.Feast.runFeast () [0x00000] in <filename unknown>:0 
  at ZaupFeast.Feast.checkFeast () [0x00000] in <filename unknown>:0 
[10/14/2015 7:13:54 PM] [Info] MessageAnnouncer >> Welcome to our server
[10/14/2015 7:14:24 PM] [Info] MessageAnnouncer >> On our server there that command:/rules!
[10/14/2015 7:14:51 PM] [Info] ZaupFeast >> The skydrop plane bundle is not the server!  Cannot trigger the airdrop animation.  Just sending items.
[10/14/2015 7:14:51 PM] [Exception] ZaupFeast >> Exception in checkFeast -> Exception in ZaupFeast: System.NullReferenceException: Object reference not set to an instance of an object
  at ZaupFeast.Feast.runFeast () [0x00000] in <filename unknown>:0 
  at ZaupFeast.Feast.checkFeast () [0x00000] in <filename unknown>:0 
[10/14/2015 7:14:54 PM] [Info] MessageAnnouncer >> In which you can see the server rules.
[10/14/2015 7:15:24 PM] [Info] MessageAnnouncer >> If you like the server can help him by purchasing the privilege!
[10/14/2015 7:15:51 PM] [Info] ZaupFeast >> The skydrop plane bundle is not the server!  Cannot trigger the airdrop animation.  Just sending items.
[10/14/2015 7:15:51 PM] [Exception] ZaupFeast >> Exception in checkFeast -> Exception in ZaupFeast: System.NullReferenceException: Object reference not set to an instance of an object
  at ZaupFeast.Feast.runFeast () [0x00000] in <filename unknown>:0 
  at ZaupFeast.Feast.checkFeast () [0x00000] in <filename unknown>:0 
[10/14/2015 7:15:54 PM] [Info] MessageAnnouncer >> Regarding the aid, Donat, create a faction,write Tiger
[10/14/2015 7:16:24 PM] [Info] MessageAnnouncer >> Check the list of administrators:/adminstrators
[10/14/2015 7:16:51 PM] [Info] ZaupFeast >> The skydrop plane bundle is not the server!  Cannot trigger the airdrop animation.  Just sending items.
[10/14/2015 7:16:51 PM] [Exception] ZaupFeast >> Exception in checkFeast -> Exception in ZaupFeast: System.NullReferenceException: Object reference not set to an instance of an object
  at ZaupFeast.Feast.runFeast () [0x00000] in <filename unknown>:0 
  at ZaupFeast.Feast.checkFeast () [0x00000] in <filename unknown>:0 
[10/14/2015 7:16:54 PM] [Info] MessageAnnouncer >> Check the list of factions:/fraction
[10/14/2015 7:17:24 PM] [Info] MessageAnnouncer >> VIP players get a list with the command:/vips
[10/14/2015 7:17:51 PM] [Info] ZaupFeast >> The skydrop plane bundle is not the server!  Cannot trigger the airdrop animation.  Just sending items.
[10/14/2015 7:17:51 PM] [Exception] ZaupFeast >> Exception in checkFeast -> Exception in ZaupFeast: System.NullReferenceException: Object reference not set to an instance of an object
  at ZaupFeast.Feast.runFeast () [0x00000] in <filename unknown>:0 
  at ZaupFeast.Feast.checkFeast () [0x00000] in <filename unknown>:0 
[10/14/2015 7:17:54 PM] [Info] MessageAnnouncer >> If you can not see the airplane, then set the detail on ultra!
[10/14/2015 7:18:24 PM] [Info] MessageAnnouncer >> Good luck!
[10/14/2015 7:18:51 PM] [Info] ZaupFeast >> The skydrop plane bundle is not the server!  Cannot trigger the airdrop animation.  Just sending items.
[10/14/2015 7:18:51 PM] [Exception] ZaupFeast >> Exception in checkFeast -> Exception in ZaupFeast: System.NullReferenceException: Object reference not set to an instance of an object
  at ZaupFeast.Feast.runFeast () [0x00000] in <filename unknown>:0 
  at ZaupFeast.Feast.checkFeast () [0x00000] in <filename unknown>:0 
[10/14/2015 7:18:54 PM] [Info] MessageAnnouncer >> Добро пожаловать на наш сервер
[10/14/2015 7:19:24 PM] [Info] MessageAnnouncer >> На нашем сервере есть команда:/правила!
[10/14/2015 7:19:51 PM] [Info] ZaupFeast >> The skydrop plane bundle is not the server!  Cannot trigger the airdrop animation.  Just sending items.
[10/14/2015 7:19:51 PM] [Exception] ZaupFeast >> Exception in checkFeast -> Exception in ZaupFeast: System.NullReferenceException: Object reference not set to an instance of an object
  at ZaupFeast.Feast.runFeast () [0x00000] in <filename unknown>:0 
  at ZaupFeast.Feast.checkFeast () [0x00000] in <filename unknown>:0 
[10/14/2015 7:19:54 PM] [Info] MessageAnnouncer >> В котором вы можете ознакомиться с правилами сервера.
[10/14/2015 7:20:24 PM] [Info] MessageAnnouncer >> Если вам понравился сервер может помочь ему купив привилегию!
[10/14/2015 7:20:51 PM] [Info] ZaupFeast >> The skydrop plane bundle is not the server!  Cannot trigger the airdrop animation.  Just sending items.
[10/14/2015 7:20:51 PM] [Exception] ZaupFeast >> Exception in checkFeast -> Exception in ZaupFeast: System.NullReferenceException: Object reference not set to an instance of an object
  at ZaupFeast.Feast.runFeast () [0x00000] in <filename unknown>:0 
  at ZaupFeast.Feast.checkFeast () [0x00000] in <filename unknown>:0 
[10/14/2015 7:20:54 PM] [Info] MessageAnnouncer >> Что касается помощи, Доната, создания фракции, писать Tiger'у
[10/14/2015 7:21:24 PM] [Info] MessageAnnouncer >> Проверить список администраторов командой:/админы
[10/14/2015 7:21:51 PM] [Info] ZaupFeast >> The skydrop plane bundle is not the server!  Cannot trigger the airdrop animation.  Just sending items.
[10/14/2015 7:21:51 PM] [Exception] ZaupFeast >> Exception in checkFeast -> Exception in ZaupFeast: System.NullReferenceException: Object reference not set to an instance of an object
  at ZaupFeast.Feast.runFeast () [0x00000] in <filename unknown>:0 
  at ZaupFeast.Feast.checkFeast () [0x00000] in <filename unknown>:0 
[10/14/2015 7:21:54 PM] [Info] MessageAnnouncer >> Проверить список фракций можна командой:/фракция
[10/14/2015 7:22:24 PM] [Info] MessageAnnouncer >> Узнать список вип игроков можна командой:/випы
[10/14/2015 7:22:51 PM] [Info] ZaupFeast >> The skydrop plane bundle is not the server!  Cannot trigger the airdrop animation.  Just sending items.
[10/14/2015 7:22:51 PM] [Exception] ZaupFeast >> Exception in checkFeast -> Exception in ZaupFeast: System.NullReferenceException: Object reference not set to an instance of an object
  at ZaupFeast.Feast.runFeast () [0x00000] in <filename unknown>:0 
  at ZaupFeast.Feast.checkFeast () [0x00000] in <filename unknown>:0 
[10/14/2015 7:22:54 PM] [Info] MessageAnnouncer >> Если вы не видите самолет который сбрасывает аирдроп установите...
[10/14/2015 7:23:24 PM] [Info] MessageAnnouncer >> ....детализацию на ультра!
[10/14/2015 7:23:51 PM] [Info] ZaupFeast >> The skydrop plane bundle is not the server!  Cannot trigger the airdrop animation.  Just sending items.
[10/14/2015 7:23:51 PM] [Exception] ZaupFeast >> Exception in checkFeast -> Exception in ZaupFeast: System.NullReferenceException: Object reference not set to an instance of an object
  at ZaupFeast.Feast.runFeast () [0x00000] in <filename unknown>:0 
  at ZaupFeast.Feast.checkFeast () [0x00000] in <filename unknown>:0 
[10/14/2015 7:23:54 PM] [Info] MessageAnnouncer >> Удачной игры!
[10/14/2015 7:24:25 PM] [Info] MessageAnnouncer >> Welcome to our server
[10/14/2015 7:24:51 PM] [Info] ZaupFeast >> The skydrop plane bundle is not the server!  Cannot trigger the airdrop animation.  Just sending items.
[10/14/2015 7:24:51 PM] [Exception] ZaupFeast >> Exception in checkFeast -> Exception in ZaupFeast: System.NullReferenceException: Object reference not set to an instance of an object
  at ZaupFeast.Feast.runFeast () [0x00000] in <filename unknown>:0 
  at ZaupFeast.Feast.checkFeast () [0x00000] in <filename unknown>:0 
[10/14/2015 7:24:55 PM] [Info] MessageAnnouncer >> On our server there that command:/rules!
[10/14/2015 7:25:25 PM] [Info] MessageAnnouncer >> In which you can see the server rules.
[10/14/2015 7:25:51 PM] [Info] ZaupFeast >> The skydrop plane bundle is not the server!  Cannot trigger the airdrop animation.  Just sending items.
[10/14/2015 7:25:51 PM] [Exception] ZaupFeast >> Exception in checkFeast -> Exception in ZaupFeast: System.NullReferenceException: Object reference not set to an instance of an object
  at ZaupFeast.Feast.runFeast () [0x00000] in <filename unknown>:0 
  at ZaupFeast.Feast.checkFeast () [0x00000] in <filename unknown>:0 
[10/14/2015 7:25:55 PM] [Info] MessageAnnouncer >> If you like the server can help him by purchasing the privilege!
[10/14/2015 7:26:25 PM] [Info] MessageAnnouncer >> Regarding the aid, Donat, create a faction,write Tiger
[10/14/2015 7:26:51 PM] [Info] ZaupFeast >> The skydrop plane bundle is not the server!  Cannot trigger the airdrop animation.  Just sending items.
[10/14/2015 7:26:51 PM] [Exception] ZaupFeast >> Exception in checkFeast -> Exception in ZaupFeast: System.NullReferenceException: Object reference not set to an instance of an object
  at ZaupFeast.Feast.runFeast () [0x00000] in <filename unknown>:0 
  at ZaupFeast.Feast.checkFeast () [0x00000] in <filename unknown>:0 
[10/14/2015 7:26:55 PM] [Info] MessageAnnouncer >> Check the list of administrators:/adminstrators
[10/14/2015 7:27:25 PM] [Info] MessageAnnouncer >> Check the list of factions:/fraction
[10/14/2015 7:27:51 PM] [Info] ZaupFeast >> The skydrop plane bundle is not the server!  Cannot trigger the airdrop animation.  Just sending items.
[10/14/2015 7:27:51 PM] [Exception] ZaupFeast >> Exception in checkFeast -> Exception in ZaupFeast: System.NullReferenceException: Object reference not set to an instance of an object
  at ZaupFeast.Feast.runFeast () [0x00000] in <filename unknown>:0 
  at ZaupFeast.Feast.checkFeast () [0x00000] in <filename unknown>:0 
[10/14/2015 7:27:55 PM] [Info] MessageAnnouncer >> VIP players get a list with the command:/vips
[10/14/2015 7:28:25 PM] [Info] MessageAnnouncer >> If you can not see the airplane, then set the detail on ultra!
[10/14/2015 7:28:51 PM] [Info] ZaupFeast >> The skydrop plane bundle is not the server!  Cannot trigger the airdrop animation.  Just sending items.
[10/14/2015 7:28:51 PM] [Exception] ZaupFeast >> Exception in checkFeast -> Exception in ZaupFeast: System.NullReferenceException: Object reference not set to an instance of an object
  at ZaupFeast.Feast.runFeast () [0x00000] in <filename unknown>:0 
  at ZaupFeast.Feast.checkFeast () [0x00000] in <filename unknown>:0 
[10/14/2015 7:28:55 PM] [Info] MessageAnnouncer >> Good luck!
[10/14/2015 7:29:25 PM] [Info] MessageAnnouncer >> Добро пожаловать на наш сервер
[10/14/2015 7:29:51 PM] [Info] ZaupFeast >> The skydrop plane bundle is not the server!  Cannot trigger the airdrop animation.  Just sending items.
[10/14/2015 7:29:51 PM] [Exception] ZaupFeast >> Exception in checkFeast -> Exception in ZaupFeast: System.NullReferenceException: Object reference not set to an instance of an object
  at ZaupFeast.Feast.runFeast () [0x00000] in <filename unknown>:0 
  at ZaupFeast.Feast.checkFeast () [0x00000] in <filename unknown>:0 
[10/14/2015 7:29:55 PM] [Info] MessageAnnouncer >> На нашем сервере есть команда:/правила!
[10/14/2015 7:30:25 PM] [Info] MessageAnnouncer >> В котором вы можете ознакомиться с правилами сервера.
[10/14/2015 7:30:51 PM] [Info] ZaupFeast >> The skydrop plane bundle is not the server!  Cannot trigger the airdrop animation.  Just sending items.
[10/14/2015 7:30:51 PM] [Exception] ZaupFeast >> Exception in checkFeast -> Exception in ZaupFeast: System.NullReferenceException: Object reference not set to an instance of an object
  at ZaupFeast.Feast.runFeast () [0x00000] in <filename unknown>:0 
  at ZaupFeast.Feast.checkFeast () [0x00000] in <filename unknown>:0 
[10/14/2015 7:30:55 PM] [Info] MessageAnnouncer >> Если вам понравился сервер может помочь ему купив привилегию!
[10/14/2015 7:31:25 PM] [Info] MessageAnnouncer >> Что касается помощи, Доната, создания фракции, писать Tiger'у
[10/14/2015 7:31:44 PM] [Info] Saving server
[10/14/2015 7:31:51 PM] [Info] ZaupFeast >> The skydrop plane bundle is not the server!  Cannot trigger the airdrop animation.  Just sending items.
[10/14/2015 7:31:51 PM] [Exception] ZaupFeast >> Exception in checkFeast -> Exception in ZaupFeast: System.NullReferenceException: Object reference not set to an instance of an object
  at ZaupFeast.Feast.runFeast () [0x00000] in <filename unknown>:0 
  at ZaupFeast.Feast.checkFeast () [0x00000] in <filename unknown>:0 
[10/14/2015 7:31:55 PM] [Info] MessageAnnouncer >> Проверить список администраторов командой:/админы
[10/14/2015 7:32:25 PM] [Info] MessageAnnouncer >> Проверить список фракций можна командой:/фракция
[10/14/2015 7:32:51 PM] [Info] ZaupFeast >> The skydrop plane bundle is not the server!  Cannot trigger the airdrop animation.  Just sending items.
[10/14/2015 7:32:51 PM] [Exception] ZaupFeast >> Exception in checkFeast -> Exception in ZaupFeast: System.NullReferenceException: Object reference not set to an instance of an object
  at ZaupFeast.Feast.runFeast () [0x00000] in <filename unknown>:0 
  at ZaupFeast.Feast.checkFeast () [0x00000] in <filename unknown>:0 
[10/14/2015 7:32:55 PM] [Info] MessageAnnouncer >> Узнать список вип игроков можна командой:/випы
[10/14/2015 7:33:25 PM] [Info] MessageAnnouncer >> Если вы не видите самолет который сбрасывает аирдроп установите...
[10/14/2015 7:33:51 PM] [Info] ZaupFeast >> The skydrop plane bundle is not the server!  Cannot trigger the airdrop animation.  Just sending items.
[10/14/2015 7:33:51 PM] [Exception] ZaupFeast >> Exception in checkFeast -> Exception in ZaupFeast: System.NullReferenceException: Object reference not set to an instance of an object
  at ZaupFeast.Feast.runFeast () [0x00000] in <filename unknown>:0 
  at ZaupFeast.Feast.checkFeast () [0x00000] in <filename unknown>:0 
[10/14/2015 7:33:55 PM] [Info] MessageAnnouncer >> ....детализацию на ультра!
[10/14/2015 7:34:25 PM] [Info] MessageAnnouncer >> Удачной игры!
[10/14/2015 7:34:51 PM] [Info] ZaupFeast >> The skydrop plane bundle is not the server!  Cannot trigger the airdrop animation.  Just sending items.
[10/14/2015 7:34:51 PM] [Exception] ZaupFeast >> Exception in checkFeast -> Exception in ZaupFeast: System.NullReferenceException: Object reference not set to an instance of an object
  at ZaupFeast.Feast.runFeast () [0x00000] in <filename unknown>:0 
  at ZaupFeast.Feast.checkFeast () [0x00000] in <filename unknown>:0 
[10/14/2015 7:34:55 PM] [Info] MessageAnnouncer >> Welcome to our server
[10/14/2015 7:35:25 PM] [Info] MessageAnnouncer >> On our server there that command:/rules!
[10/14/2015 7:35:51 PM] [Info] ZaupFeast >> The skydrop plane bundle is not the server!  Cannot trigger the airdrop animation.  Just sending items.
[10/14/2015 7:35:51 PM] [Exception] ZaupFeast >> Exception in checkFeast -> Exception in ZaupFeast: System.NullReferenceException: Object reference not set to an instance of an object
  at ZaupFeast.Feast.runFeast () [0x00000] in <filename unknown>:0 
  at ZaupFeast.Feast.checkFeast () [0x00000] in <filename unknown>:0 
[10/14/2015 7:35:55 PM] [Info] MessageAnnouncer >> In which you can see the server rules.
[10/14/2015 7:36:25 PM] [Info] MessageAnnouncer >> If you like the server can help him by purchasing the privilege!
[10/14/2015 7:36:51 PM] [Info] ZaupFeast >> The skydrop plane bundle is not the server!  Cannot trigger the airdrop animation.  Just sending items.
[10/14/2015 7:36:51 PM] [Exception] ZaupFeast >> Exception in checkFeast -> Exception in ZaupFeast: System.NullReferenceException: Object reference not set to an instance of an object
  at ZaupFeast.Feast.runFeast () [0x00000] in <filename unknown>:0 
  at ZaupFeast.Feast.checkFeast () [0x00000] in <filename unknown>:0 
[10/14/2015 7:36:55 PM] [Info] MessageAnnouncer >> Regarding the aid, Donat, create a faction,write Tiger
[10/14/2015 7:37:25 PM] [Info] MessageAnnouncer >> Check the list of administrators:/adminstrators
[10/14/2015 7:37:51 PM] [Info] ZaupFeast >> The skydrop plane bundle is not the server!  Cannot trigger the airdrop animation.  Just sending items.
[10/14/2015 7:37:51 PM] [Exception] ZaupFeast >> Exception in checkFeast -> Exception in ZaupFeast: System.NullReferenceException: Object reference not set to an instance of an object
  at ZaupFeast.Feast.runFeast () [0x00000] in <filename unknown>:0 
  at ZaupFeast.Feast.checkFeast () [0x00000] in <filename unknown>:0 
[10/14/2015 7:37:55 PM] [Info] MessageAnnouncer >> Check the list of factions:/fraction
[10/14/2015 7:38:25 PM] [Info] MessageAnnouncer >> VIP players get a list with the command:/vips
[10/14/2015 7:38:52 PM] [Info] ZaupFeast >> The skydrop plane bundle is not the server!  Cannot trigger the airdrop animation.  Just sending items.
[10/14/2015 7:38:52 PM] [Exception] ZaupFeast >> Exception in checkFeast -> Exception in ZaupFeast: System.NullReferenceException: Object reference not set to an instance of an object
  at ZaupFeast.Feast.runFeast () [0x00000] in <filename unknown>:0 
  at ZaupFeast.Feast.checkFeast () [0x00000] in <filename unknown>:0 
[10/14/2015 7:38:55 PM] [Info] MessageAnnouncer >> If you can not see the airplane, then set the detail on ultra!
[10/14/2015 7:39:25 PM] [Info] MessageAnnouncer >> Good luck!
[10/14/2015 7:39:51 PM] [Info] ZaupFeast >> The skydrop plane bundle is not the server!  Cannot trigger the airdrop animation.  Just sending items.
[10/14/2015 7:39:52 PM] [Exception] ZaupFeast >> Exception in checkFeast -> Exception in ZaupFeast: System.NullReferenceException: Object reference not set to an instance of an object
  at ZaupFeast.Feast.runFeast () [0x00000] in <filename unknown>:0 
  at ZaupFeast.Feast.checkFeast () [0x00000] in <filename unknown>:0 
[10/14/2015 7:39:55 PM] [Info] MessageAnnouncer >> Добро пожаловать на наш сервер
[10/14/2015 7:40:25 PM] [Info] MessageAnnouncer >> На нашем сервере есть команда:/правила!
[10/14/2015 7:40:52 PM] [Info] ZaupFeast >> The skydrop plane bundle is not the server!  Cannot trigger the airdrop animation.  Just sending items.
[10/14/2015 7:41:02 PM] [Exception] ZaupFeast >> Exception in checkFeast -> Exception in ZaupFeast: System.NullReferenceException: Object reference not set to an instance of an object
  at ZaupFeast.Feast.runFeast () [0x00000] in <filename unknown>:0 
  at ZaupFeast.Feast.checkFeast () [0x00000] in <filename unknown>:0 
[10/14/2015 7:41:02 PM] [Info] MessageAnnouncer >> В котором вы можете ознакомиться с правилами сервера.
[10/14/2015 7:41:32 PM] [Info] MessageAnnouncer >> Если вам понравился сервер может помочь ему купив привилегию!
[10/14/2015 7:41:52 PM] [Info] ZaupFeast >> The skydrop plane bundle is not the server!  Cannot trigger the airdrop animation.  Just sending items.
[10/14/2015 7:41:52 PM] [Exception] ZaupFeast >> Exception in checkFeast -> Exception in ZaupFeast: System.NullReferenceException: Object reference not set to an instance of an object
  at ZaupFeast.Feast.runFeast () [0x00000] in <filename unknown>:0 
  at ZaupFeast.Feast.checkFeast () [0x00000] in <filename unknown>:0 
[10/14/2015 7:42:02 PM] [Info] MessageAnnouncer >> Что касается помощи, Доната, создания фракции, писать Tiger'у
[10/14/2015 7:42:32 PM] [Info] MessageAnnouncer >> Проверить список администраторов командой:/админы
[10/14/2015 7:42:52 PM] [Info] ZaupFeast >> The skydrop plane bundle is not the server!  Cannot trigger the airdrop animation.  Just sending items.
[10/14/2015 7:42:52 PM] [Exception] ZaupFeast >> Exception in checkFeast -> Exception in ZaupFeast: System.NullReferenceException: Object reference not set to an instance of an object
  at ZaupFeast.Feast.runFeast () [0x00000] in <filename unknown>:0 
  at ZaupFeast.Feast.checkFeast () [0x00000] in <filename unknown>:0 
[10/14/2015 7:43:02 PM] [Info] MessageAnnouncer >> Проверить список фракций можна командой:/фракция
[10/14/2015 7:43:32 PM] [Info] MessageAnnouncer >> Узнать список вип игроков можна командой:/випы
[10/14/2015 7:43:52 PM] [Info] ZaupFeast >> The skydrop plane bundle is not the server!  Cannot trigger the airdrop animation.  Just sending items.
[10/14/2015 7:43:52 PM] [Exception] ZaupFeast >> Exception in checkFeast -> Exception in ZaupFeast: System.NullReferenceException: Object reference not set to an instance of an object
  at ZaupFeast.Feast.runFeast () [0x00000] in <filename unknown>:0 
  at ZaupFeast.Feast.checkFeast () [0x00000] in <filename unknown>:0 
[10/14/2015 7:44:02 PM] [Info] MessageAnnouncer >> Если вы не видите самолет который сбрасывает аирдроп установите...
[10/14/2015 7:44:32 PM] [Info] MessageAnnouncer >> ....детализацию на ультра!
[10/14/2015 7:44:52 PM] [Info] ZaupFeast >> The skydrop plane bundle is not the server!  Cannot trigger the airdrop animation.  Just sending items.
[10/14/2015 7:44:52 PM] [Exception] ZaupFeast >> Exception in checkFeast -> Exception in ZaupFeast: System.NullReferenceException: Object reference not set to an instance of an object
  at ZaupFeast.Feast.runFeast () [0x00000] in <filename unknown>:0 
  at ZaupFeast.Feast.checkFeast () [0x00000] in <filename unknown>:0 
[10/14/2015 7:45:02 PM] [Info] MessageAnnouncer >> Удачной игры!
[10/14/2015 7:45:32 PM] [Info] MessageAnnouncer >> Welcome to our server
[10/14/2015 7:45:52 PM] [Info] ZaupFeast >> The skydrop plane bundle is not the server!  Cannot trigger the airdrop animation.  Just sending items.
[10/14/2015 7:45:52 PM] [Exception] ZaupFeast >> Exception in checkFeast -> Exception in ZaupFeast: System.NullReferenceException: Object reference not set to an instance of an object
  at ZaupFeast.Feast.runFeast () [0x00000] in <filename unknown>:0 
  at ZaupFeast.Feast.checkFeast () [0x00000] in <filename unknown>:0 
[10/14/2015 7:46:03 PM] [Info] MessageAnnouncer >> On our server there that command:/rules!
[10/14/2015 7:46:33 PM] [Info] MessageAnnouncer >> In which you can see the server rules.
[10/14/2015 7:46:52 PM] [Info] ZaupFeast >> The skydrop plane bundle is not the server!  Cannot trigger the airdrop animation.  Just sending items.
[10/14/2015 7:46:52 PM] [Exception] ZaupFeast >> Exception in checkFeast -> Exception in ZaupFeast: System.NullReferenceException: Object reference not set to an instance of an object
  at ZaupFeast.Feast.runFeast () [0x00000] in <filename unknown>:0 
  at ZaupFeast.Feast.checkFeast () [0x00000] in <filename unknown>:0 
[10/14/2015 7:47:03 PM] [Info] MessageAnnouncer >> If you like the server can help him by purchasing the privilege!
[10/14/2015 7:47:33 PM] [Info] MessageAnnouncer >> Regarding the aid, Donat, create a faction,write Tiger
[10/14/2015 7:47:52 PM] [Info] ZaupFeast >> The skydrop plane bundle is not the server!  Cannot trigger the airdrop animation.  Just sending items.
[10/14/2015 7:47:52 PM] [Exception] ZaupFeast >> Exception in checkFeast -> Exception in ZaupFeast: System.NullReferenceException: Object reference not set to an instance of an object
  at ZaupFeast.Feast.runFeast () [0x00000] in <filename unknown>:0 
  at ZaupFeast.Feast.checkFeast () [0x00000] in <filename unknown>:0 
[10/14/2015 7:48:03 PM] [Info] MessageAnnouncer >> Check the list of administrators:/adminstrators
[10/14/2015 7:48:33 PM] [Info] MessageAnnouncer >> Check the list of factions:/fraction
[10/14/2015 7:48:52 PM] [Info] ZaupFeast >> The skydrop plane bundle is not the server!  Cannot trigger the airdrop animation.  Just sending items.
[10/14/2015 7:48:52 PM] [Exception] ZaupFeast >> Exception in checkFeast -> Exception in ZaupFeast: System.NullReferenceException: Object reference not set to an instance of an object
  at ZaupFeast.Feast.runFeast () [0x00000] in <filename unknown>:0 
  at ZaupFeast.Feast.checkFeast () [0x00000] in <filename unknown>:0 
[10/14/2015 7:49:03 PM] [Info] MessageAnnouncer >> VIP players get a list with the command:/vips
[10/14/2015 7:49:33 PM] [Info] MessageAnnouncer >> If you can not see the airplane, then set the detail on ultra!
[10/14/2015 7:49:52 PM] [Info] ZaupFeast >> The skydrop plane bundle is not the server!  Cannot trigger the airdrop animation.  Just sending items.
[10/14/2015 7:49:52 PM] [Exception] ZaupFeast >> Exception in checkFeast -> Exception in ZaupFeast: System.NullReferenceException: Object reference not set to an instance of an object
  at ZaupFeast.Feast.runFeast () [0x00000] in <filename unknown>:0 
  at ZaupFeast.Feast.checkFeast () [0x00000] in <filename unknown>:0 
[10/14/2015 7:50:03 PM] [Info] MessageAnnouncer >> Good luck!
[10/14/2015 7:50:33 PM] [Info] MessageAnnouncer >> Добро пожаловать на наш сервер
[10/14/2015 7:50:52 PM] [Info] ZaupFeast >> The skydrop plane bundle is not the server!  Cannot trigger the airdrop animation.  Just sending items.
[10/14/2015 7:50:52 PM] [Exception] ZaupFeast >> Exception in checkFeast -> Exception in ZaupFeast: System.NullReferenceException: Object reference not set to an instance of an object
  at ZaupFeast.Feast.runFeast () [0x00000] in <filename unknown>:0 
  at ZaupFeast.Feast.checkFeast () [0x00000] in <filename unknown>:0 
[10/14/2015 7:51:03 PM] [Info] MessageAnnouncer >> На нашем сервере есть команда:/правила!
[10/14/2015 7:51:33 PM] [Info] MessageAnnouncer >> В котором вы можете ознакомиться с правилами сервера.
[10/14/2015 7:51:52 PM] [Info] ZaupFeast >> The skydrop plane bundle is not the server!  Cannot trigger the airdrop animation.  Just sending items.
[10/14/2015 7:51:52 PM] [Exception] ZaupFeast >> Exception in checkFeast -> Exception in ZaupFeast: System.NullReferenceException: Object reference not set to an instance of an object
  at ZaupFeast.Feast.runFeast () [0x00000] in <filename unknown>:0 
  at ZaupFeast.Feast.checkFeast () [0x00000] in <filename unknown>:0 
[10/14/2015 7:52:03 PM] [Info] MessageAnnouncer >> Если вам понравился сервер может помочь ему купив привилегию!
[10/14/2015 7:52:33 PM] [Info] MessageAnnouncer >> Что касается помощи, Доната, создания фракции, писать Tiger'у
[10/14/2015 7:52:52 PM] [Info] ZaupFeast >> The skydrop plane bundle is not the server!  Cannot trigger the airdrop animation.  Just sending items.
[10/14/2015 7:52:52 PM] [Exception] ZaupFeast >> Exception in checkFeast -> Exception in ZaupFeast: System.NullReferenceException: Object reference not set to an instance of an object
  at ZaupFeast.Feast.runFeast () [0x00000] in <filename unknown>:0 
  at ZaupFeast.Feast.checkFeast () [0x00000] in <filename unknown>:0 
[10/14/2015 7:53:03 PM] [Info] MessageAnnouncer >> Проверить список администраторов командой:/админы
[10/14/2015 7:53:33 PM] [Info] MessageAnnouncer >> Проверить список фракций можна командой:/фракция
[10/14/2015 7:53:52 PM] [Info] ZaupFeast >> The skydrop plane bundle is not the server!  Cannot trigger the airdrop animation.  Just sending items.
[10/14/2015 7:53:52 PM] [Exception] ZaupFeast >> Exception in checkFeast -> Exception in ZaupFeast: System.NullReferenceException: Object reference not set to an instance of an object
  at ZaupFeast.Feast.runFeast () [0x00000] in <filename unknown>:0 
  at ZaupFeast.Feast.checkFeast () [0x00000] in <filename unknown>:0 
[10/14/2015 7:54:03 PM] [Info] MessageAnnouncer >> Узнать список вип игроков можна командой:/випы
[10/14/2015 7:54:33 PM] [Info] MessageAnnouncer >> Если вы не видите самолет который сбрасывает аирдроп установите...
[10/14/2015 7:54:52 PM] [Info] ZaupFeast >> The skydrop plane bundle is not the server!  Cannot trigger the airdrop animation.  Just sending items.
[10/14/2015 7:54:52 PM] [Exception] ZaupFeast >> Exception in checkFeast -> Exception in ZaupFeast: System.NullReferenceException: Object reference not set to an instance of an object
  at ZaupFeast.Feast.runFeast () [0x00000] in <filename unknown>:0 
  at ZaupFeast.Feast.checkFeast () [0x00000] in <filename unknown>:0 
[10/14/2015 7:55:03 PM] [Info] MessageAnnouncer >> ....детализацию на ультра!
[10/14/2015 7:55:33 PM] [Info] MessageAnnouncer >> Удачной игры!
[10/14/2015 7:55:52 PM] [Info] ZaupFeast >> The skydrop plane bundle is not the server!  Cannot trigger the airdrop animation.  Just sending items.
[10/14/2015 7:55:52 PM] [Exception] ZaupFeast >> Exception in checkFeast -> Exception in ZaupFeast: System.NullReferenceException: Object reference not set to an instance of an object
  at ZaupFeast.Feast.runFeast () [0x00000] in <filename unknown>:0 
  at ZaupFeast.Feast.checkFeast () [0x00000] in <filename unknown>:0 
[10/14/2015 7:56:03 PM] [Info] MessageAnnouncer >> Welcome to our server
[10/14/2015 7:56:33 PM] [Info] MessageAnnouncer >> On our server there that command:/rules!
[10/14/2015 7:56:52 PM] [Info] ZaupFeast >> The skydrop plane bundle is not the server!  Cannot trigger the airdrop animation.  Just sending items.
[10/14/2015 7:56:52 PM] [Exception] ZaupFeast >> Exception in checkFeast -> Exception in ZaupFeast: System.NullReferenceException: Object reference not set to an instance of an object
  at ZaupFeast.Feast.runFeast () [0x00000] in <filename unknown>:0 
  at ZaupFeast.Feast.checkFeast () [0x00000] in <filename unknown>:0 
[10/14/2015 7:57:03 PM] [Info] MessageAnnouncer >> In which you can see the server rules.
[10/14/2015 7:57:33 PM] [Info] MessageAnnouncer >> If you like the server can help him by purchasing the privilege!
[10/14/2015 7:57:52 PM] [Info] ZaupFeast >> The skydrop plane bundle is not the server!  Cannot trigger the airdrop animation.  Just sending items.
[10/14/2015 7:57:52 PM] [Exception] ZaupFeast >> Exception in checkFeast -> Exception in ZaupFeast: System.NullReferenceException: Object reference not set to an instance of an object
  at ZaupFeast.Feast.runFeast () [0x00000] in <filename unknown>:0 
  at ZaupFeast.Feast.checkFeast () [0x00000] in <filename unknown>:0 
[10/14/2015 7:58:03 PM] [Info] MessageAnnouncer >> Regarding the aid, Donat, create a faction,write Tiger
[10/14/2015 7:58:33 PM] [Info] MessageAnnouncer >> Check the list of administrators:/adminstrators
[10/14/2015 7:58:52 PM] [Info] ZaupFeast >> The skydrop plane bundle is not the server!  Cannot trigger the airdrop animation.  Just sending items.
[10/14/2015 7:58:52 PM] [Exception] ZaupFeast >> Exception in checkFeast -> Exception in ZaupFeast: System.NullReferenceException: Object reference not set to an instance of an object
  at ZaupFeast.Feast.runFeast () [0x00000] in <filename unknown>:0 
  at ZaupFeast.Feast.checkFeast () [0x00000] in <filename unknown>:0 
[10/14/2015 7:59:03 PM] [Info] MessageAnnouncer >> Check the list of factions:/fraction
[10/14/2015 7:59:33 PM] [Info] MessageAnnouncer >> VIP players get a list with the command:/vips
[10/14/2015 7:59:52 PM] [Info] ZaupFeast >> The skydrop plane bundle is not the server!  Cannot trigger the airdrop animation.  Just sending items.
[10/14/2015 7:59:52 PM] [Exception] ZaupFeast >> Exception in checkFeast -> Exception in ZaupFeast: System.NullReferenceException: Object reference not set to an instance of an object
  at ZaupFeast.Feast.runFeast () [0x00000] in <filename unknown>:0 
  at ZaupFeast.Feast.checkFeast () [0x00000] in <filename unknown>:0 
[10/14/2015 8:00:10 PM] [Info] MessageAnnouncer >> If you can not see the airplane, then set the detail on ultra!
[10/14/2015 8:00:40 PM] [Info] MessageAnnouncer >> Good luck!
[10/14/2015 8:00:52 PM] [Info] ZaupFeast >> The skydrop plane bundle is not the server!  Cannot trigger the airdrop animation.  Just sending items.
[10/14/2015 8:00:52 PM] [Exception] ZaupFeast >> Exception in checkFeast -> Exception in ZaupFeast: System.NullReferenceException: Object reference not set to an instance of an object
  at ZaupFeast.Feast.runFeast () [0x00000] in <filename unknown>:0 
  at ZaupFeast.Feast.checkFeast () [0x00000] in <filename unknown>:0 
[10/14/2015 8:01:10 PM] [Info] MessageAnnouncer >> Добро пожаловать на наш сервер
[10/14/2015 8:01:40 PM] [Info] MessageAnnouncer >> На нашем сервере есть команда:/правила!
[10/14/2015 8:01:44 PM] [Info] Saving server
[10/14/2015 8:01:52 PM] [Info] ZaupFeast >> The skydrop plane bundle is not the server!  Cannot trigger the airdrop animation.  Just sending items.
[10/14/2015 8:01:52 PM] [Exception] ZaupFeast >> Exception in checkFeast -> Exception in ZaupFeast: System.NullReferenceException: Object reference not set to an instance of an object
  at ZaupFeast.Feast.runFeast () [0x00000] in <filename unknown>:0 
  at ZaupFeast.Feast.checkFeast () [0x00000] in <filename unknown>:0 
[10/14/2015 8:02:10 PM] [Info] MessageAnnouncer >> В котором вы можете ознакомиться с правилами сервера.
[10/14/2015 8:02:40 PM] [Info] MessageAnnouncer >> Если вам понравился сервер может помочь ему купив привилегию!
[10/14/2015 8:02:52 PM] [Info] ZaupFeast >> The skydrop plane bundle is not the server!  Cannot trigger the airdrop animation.  Just sending items.
[10/14/2015 8:02:52 PM] [Exception] ZaupFeast >> Exception in checkFeast -> Exception in ZaupFeast: System.NullReferenceException: Object reference not set to an instance of an object
  at ZaupFeast.Feast.runFeast () [0x00000] in <filename unknown>:0 
  at ZaupFeast.Feast.checkFeast () [0x00000] in <filename unknown>:0 
[10/14/2015 8:03:10 PM] [Info] MessageAnnouncer >> Что касается помощи, Доната, создания фракции, писать Tiger'у
[10/14/2015 8:03:40 PM] [Info] MessageAnnouncer >> Проверить список администраторов командой:/админы
[10/14/2015 8:03:52 PM] [Info] ZaupFeast >> The skydrop plane bundle is not the server!  Cannot trigger the airdrop animation.  Just sending items.
[10/14/2015 8:03:52 PM] [Exception] ZaupFeast >> Exception in checkFeast -> Exception in ZaupFeast: System.NullReferenceException: Object reference not set to an instance of an object
  at ZaupFeast.Feast.runFeast () [0x00000] in <filename unknown>:0 
  at ZaupFeast.Feast.checkFeast () [0x00000] in <filename unknown>:0 
[10/14/2015 8:04:10 PM] [Info] MessageAnnouncer >> Проверить список фракций можна командой:/фракция
[10/14/2015 8:04:48 PM] [Info] MessageAnnouncer >> Узнать список вип игроков можна командой:/випы
[10/14/2015 8:04:52 PM] [Info] ZaupFeast >> The skydrop plane bundle is not the server!  Cannot trigger the airdrop animation.  Just sending items.
[10/14/2015 8:04:52 PM] [Exception] ZaupFeast >> Exception in checkFeast -> Exception in ZaupFeast: System.NullReferenceException: Object reference not set to an instance of an object
  at ZaupFeast.Feast.runFeast () [0x00000] in <filename unknown>:0 
  at ZaupFeast.Feast.checkFeast () [0x00000] in <filename unknown>:0 
[10/14/2015 8:05:18 PM] [Info] MessageAnnouncer >> Если вы не видите самолет который сбрасывает аирдроп установите...
[10/14/2015 8:05:48 PM] [Info] MessageAnnouncer >> ....детализацию на ультра!
[10/14/2015 8:05:52 PM] [Info] ZaupFeast >> The skydrop plane bundle is not the server!  Cannot trigger the airdrop animation.  Just sending items.
[10/14/2015 8:05:52 PM] [Exception] ZaupFeast >> Exception in checkFeast -> Exception in ZaupFeast: System.NullReferenceException: Object reference not set to an instance of an object
  at ZaupFeast.Feast.runFeast () [0x00000] in <filename unknown>:0 
  at ZaupFeast.Feast.checkFeast () [0x00000] in <filename unknown>:0 
[10/14/2015 8:06:18 PM] [Info] MessageAnnouncer >> Удачной игры!
[10/14/2015 8:06:48 PM] [Info] MessageAnnouncer >> Welcome to our server
[10/14/2015 8:06:52 PM] [Info] ZaupFeast >> The skydrop plane bundle is not the server!  Cannot trigger the airdrop animation.  Just sending items.
[10/14/2015 8:06:52 PM] [Exception] ZaupFeast >> Exception in checkFeast -> Exception in ZaupFeast: System.NullReferenceException: Object reference not set to an instance of an object
  at ZaupFeast.Feast.runFeast () [0x00000] in <filename unknown>:0 
  at ZaupFeast.Feast.checkFeast () [0x00000] in <filename unknown>:0 
[10/14/2015 8:07:18 PM] [Info] MessageAnnouncer >> On our server there that command:/rules!
[10/14/2015 8:07:48 PM] [Info] MessageAnnouncer >> In which you can see the server rules.
[10/14/2015 8:07:52 PM] [Info] ZaupFeast >> The skydrop plane bundle is not the server!  Cannot trigger the airdrop animation.  Just sending items.
[10/14/2015 8:07:52 PM] [Exception] ZaupFeast >> Exception in checkFeast -> Exception in ZaupFeast: System.NullReferenceException: Object reference not set to an instance of an object
  at ZaupFeast.Feast.runFeast () [0x00000] in <filename unknown>:0 
  at ZaupFeast.Feast.checkFeast () [0x00000] in <filename unknown>:0 
[10/14/2015 8:08:18 PM] [Info] MessageAnnouncer >> If you like the server can help him by purchasing the privilege!
[10/14/2015 8:08:48 PM] [Info] MessageAnnouncer >> Regarding the aid, Donat, create a faction,write Tiger
[10/14/2015 8:08:52 PM] [Info] ZaupFeast >> The skydrop plane bundle is not the server!  Cannot trigger the airdrop animation.  Just sending items.
[10/14/2015 8:08:52 PM] [Exception] ZaupFeast >> Exception in checkFeast -> Exception in ZaupFeast: System.NullReferenceException: Object reference not set to an instance of an object
  at ZaupFeast.Feast.runFeast () [0x00000] in <filename unknown>:0 
  at ZaupFeast.Feast.checkFeast () [0x00000] in <filename unknown>:0 
[10/14/2015 8:09:18 PM] [Info] MessageAnnouncer >> Check the list of administrators:/adminstrators
[10/14/2015 8:09:48 PM] [Info] MessageAnnouncer >> Check the list of factions:/fraction
[10/14/2015 8:09:52 PM] [Info] ZaupFeast >> The skydrop plane bundle is not the server!  Cannot trigger the airdrop animation.  Just sending items.
[10/14/2015 8:09:52 PM] [Exception] ZaupFeast >> Exception in checkFeast -> Exception in ZaupFeast: System.NullReferenceException: Object reference not set to an instance of an object
  at ZaupFeast.Feast.runFeast () [0x00000] in <filename unknown>:0 
  at ZaupFeast.Feast.checkFeast () [0x00000] in <filename unknown>:0 
[10/14/2015 8:10:18 PM] [Info] MessageAnnouncer >> VIP players get a list with the command:/vips
[10/14/2015 8:10:48 PM] [Info] MessageAnnouncer >> If you can not see the airplane, then set the detail on ultra!
[10/14/2015 8:10:52 PM] [Info] ZaupFeast >> The skydrop plane bundle is not the server!  Cannot trigger the airdrop animation.  Just sending items.
[10/14/2015 8:10:52 PM] [Exception] ZaupFeast >> Exception in checkFeast -> Exception in ZaupFeast: System.NullReferenceException: Object reference not set to an instance of an object
  at ZaupFeast.Feast.runFeast () [0x00000] in <filename unknown>:0 
  at ZaupFeast.Feast.checkFeast () [0x00000] in <filename unknown>:0 
[10/14/2015 8:11:18 PM] [Info] MessageAnnouncer >> Good luck!
[10/14/2015 8:11:48 PM] [Info] MessageAnnouncer >> Добро пожаловать на наш сервер
[10/14/2015 8:11:52 PM] [Info] ZaupFeast >> The skydrop plane bundle is not the server!  Cannot trigger the airdrop animation.  Just sending items.
[10/14/2015 8:11:52 PM] [Exception] ZaupFeast >> Exception in checkFeast -> Exception in ZaupFeast: System.NullReferenceException: Object reference not set to an instance of an object
  at ZaupFeast.Feast.runFeast () [0x00000] in <filename unknown>:0 
  at ZaupFeast.Feast.checkFeast () [0x00000] in <filename unknown>:0 
[10/14/2015 8:12:18 PM] [Info] MessageAnnouncer >> На нашем сервере есть команда:/правила!
[10/14/2015 8:12:48 PM] [Info] MessageAnnouncer >> В котором вы можете ознакомиться с правилами сервера.
[10/14/2015 8:12:52 PM] [Info] ZaupFeast >> The skydrop plane bundle is not the server!  Cannot trigger the airdrop animation.  Just sending items.
[10/14/2015 8:12:52 PM] [Exception] ZaupFeast >> Exception in checkFeast -> Exception in ZaupFeast: System.NullReferenceException: Object reference not set to an instance of an object
  at ZaupFeast.Feast.runFeast () [0x00000] in <filename unknown>:0 
  at ZaupFeast.Feast.checkFeast () [0x00000] in <filename unknown>:0 
[10/14/2015 8:13:18 PM] [Info] MessageAnnouncer >> Если вам понравился сервер может помочь ему купив привилегию!
[10/14/2015 8:13:48 PM] [Info] MessageAnnouncer >> Что касается помощи, Доната, создания фракции, писать Tiger'у
[10/14/2015 8:13:52 PM] [Info] ZaupFeast >> The skydrop plane bundle is not the server!  Cannot trigger the airdrop animation.  Just sending items.
[10/14/2015 8:13:52 PM] [Exception] ZaupFeast >> Exception in checkFeast -> Exception in ZaupFeast: System.NullReferenceException: Object reference not set to an instance of an object
  at ZaupFeast.Feast.runFeast () [0x00000] in <filename unknown>:0 
  at ZaupFeast.Feast.checkFeast () [0x00000] in <filename unknown>:0 
[10/14/2015 8:14:18 PM] [Info] MessageAnnouncer >> Проверить список администраторов командой:/админы
[10/14/2015 8:14:48 PM] [Info] MessageAnnouncer >> Проверить список фракций можна командой:/фракция
[10/14/2015 8:14:52 PM] [Info] ZaupFeast >> The skydrop plane bundle is not the server!  Cannot trigger the airdrop animation.  Just sending items.
[10/14/2015 8:14:52 PM] [Exception] ZaupFeast >> Exception in checkFeast -> Exception in ZaupFeast: System.NullReferenceException: Object reference not set to an instance of an object
  at ZaupFeast.Feast.runFeast () [0x00000] in <filename unknown>:0 
  at ZaupFeast.Feast.checkFeast () [0x00000] in <filename unknown>:0 
[10/14/2015 8:15:18 PM] [Info] MessageAnnouncer >> Узнать список вип игроков можна командой:/випы
[10/14/2015 8:15:48 PM] [Info] MessageAnnouncer >> Если вы не видите самолет который сбрасывает аирдроп установите...
[10/14/2015 8:15:52 PM] [Info] ZaupFeast >> The skydrop plane bundle is not the server!  Cannot trigger the airdrop animation.  Just sending items.
[10/14/2015 8:15:52 PM] [Exception] ZaupFeast >> Exception in checkFeast -> Exception in ZaupFeast: System.NullReferenceException: Object reference not set to an instance of an object
  at ZaupFeast.Feast.runFeast () [0x00000] in <filename unknown>:0 
  at ZaupFeast.Feast.checkFeast () [0x00000] in <filename unknown>:0 
[10/14/2015 8:16:18 PM] [Info] MessageAnnouncer >> ....детализацию на ультра!
[10/14/2015 8:16:48 PM] [Info] MessageAnnouncer >> Удачной игры!
[10/14/2015 8:16:52 PM] [Info] ZaupFeast >> The skydrop plane bundle is not the server!  Cannot trigger the airdrop animation.  Just sending items.
[10/14/2015 8:16:52 PM] [Exception] ZaupFeast >> Exception in checkFeast -> Exception in ZaupFeast: System.NullReferenceException: Object reference not set to an instance of an object
  at ZaupFeast.Feast.runFeast () [0x00000] in <filename unknown>:0 
  at ZaupFeast.Feast.checkFeast () [0x00000] in <filename unknown>:0 
[10/14/2015 8:17:18 PM] [Info] MessageAnnouncer >> Welcome to our server
[10/14/2015 8:17:48 PM] [Info] MessageAnnouncer >> On our server there that command:/rules!
[10/14/2015 8:17:52 PM] [Info] ZaupFeast >> The skydrop plane bundle is not the server!  Cannot trigger the airdrop animation.  Just sending items.
[10/14/2015 8:17:52 PM] [Exception] ZaupFeast >> Exception in checkFeast -> Exception in ZaupFeast: System.NullReferenceException: Object reference not set to an instance of an object
  at ZaupFeast.Feast.runFeast () [0x00000] in <filename unknown>:0 
  at ZaupFeast.Feast.checkFeast () [0x00000] in <filename unknown>:0 
[10/14/2015 8:18:18 PM] [Info] MessageAnnouncer >> In which you can see the server rules.
[10/14/2015 8:18:48 PM] [Info] MessageAnnouncer >> If you like the server can help him by purchasing the privilege!
[10/14/2015 8:18:52 PM] [Info] ZaupFeast >> The skydrop plane bundle is not the server!  Cannot trigger the airdrop animation.  Just sending items.
[10/14/2015 8:18:52 PM] [Exception] ZaupFeast >> Exception in checkFeast -> Exception in ZaupFeast: System.NullReferenceException: Object reference not set to an instance of an object
  at ZaupFeast.Feast.runFeast () [0x00000] in <filename unknown>:0 
  at ZaupFeast.Feast.checkFeast () [0x00000] in <filename unknown>:0 
[10/14/2015 8:19:18 PM] [Info] MessageAnnouncer >> Regarding the aid, Donat, create a faction,write Tiger
[10/14/2015 8:19:48 PM] [Info] MessageAnnouncer >> Check the list of administrators:/adminstrators
[10/14/2015 8:19:52 PM] [Info] ZaupFeast >> The skydrop plane bundle is not the server!  Cannot trigger the airdrop animation.  Just sending items.
[10/14/2015 8:19:52 PM] [Exception] ZaupFeast >> Exception in checkFeast -> Exception in ZaupFeast: System.NullReferenceException: Object reference not set to an instance of an object
  at ZaupFeast.Feast.runFeast () [0x00000] in <filename unknown>:0 
  at ZaupFeast.Feast.checkFeast () [0x00000] in <filename unknown>:0 
[10/14/2015 8:20:18 PM] [Info] MessageAnnouncer >> Check the list of factions:/fraction
[10/14/2015 8:20:48 PM] [Info] MessageAnnouncer >> VIP players get a list with the command:/vips
[10/14/2015 8:20:52 PM] [Info] ZaupFeast >> The skydrop plane bundle is not the server!  Cannot trigger the airdrop animation.  Just sending items.
[10/14/2015 8:20:52 PM] [Exception] ZaupFeast >> Exception in checkFeast -> Exception in ZaupFeast: System.NullReferenceException: Object reference not set to an instance of an object
  at ZaupFeast.Feast.runFeast () [0x00000] in <filename unknown>:0 
  at ZaupFeast.Feast.checkFeast () [0x00000] in <filename unknown>:0 
[10/14/2015 8:21:18 PM] [Info] MessageAnnouncer >> If you can not see the airplane, then set the detail on ultra!
[10/14/2015 8:21:48 PM] [Info] MessageAnnouncer >> Good luck!
[10/14/2015 8:21:52 PM] [Info] ZaupFeast >> The skydrop plane bundle is not the server!  Cannot trigger the airdrop animation.  Just sending items.
[10/14/2015 8:21:52 PM] [Exception] ZaupFeast >> Exception in checkFeast -> Exception in ZaupFeast: System.NullReferenceException: Object reference not set to an instance of an object
  at ZaupFeast.Feast.runFeast () [0x00000] in <filename unknown>:0 
  at ZaupFeast.Feast.checkFeast () [0x00000] in <filename unknown>:0 
[10/14/2015 8:22:18 PM] [Info] MessageAnnouncer >> Добро пожаловать на наш сервер
[10/14/2015 8:22:49 PM] [Info] MessageAnnouncer >> На нашем сервере есть команда:/правила!
[10/14/2015 8:22:52 PM] [Info] ZaupFeast >> The skydrop plane bundle is not the server!  Cannot trigger the airdrop animation.  Just sending items.
[10/14/2015 8:22:52 PM] [Exception] ZaupFeast >> Exception in checkFeast -> Exception in ZaupFeast: System.NullReferenceException: Object reference not set to an instance of an object
  at ZaupFeast.Feast.runFeast () [0x00000] in <filename unknown>:0 
  at ZaupFeast.Feast.checkFeast () [0x00000] in <filename unknown>:0 
[10/14/2015 8:23:19 PM] [Info] MessageAnnouncer >> В котором вы можете ознакомиться с правилами сервера.
[10/14/2015 8:23:49 PM] [Info] MessageAnnouncer >> Если вам понравился сервер может помочь ему купив привилегию!
[10/14/2015 8:23:52 PM] [Info] ZaupFeast >> The skydrop plane bundle is not the server!  Cannot trigger the airdrop animation.  Just sending items.
[10/14/2015 8:23:52 PM] [Exception] ZaupFeast >> Exception in checkFeast -> Exception in ZaupFeast: System.NullReferenceException: Object reference not set to an instance of an object
  at ZaupFeast.Feast.runFeast () [0x00000] in <filename unknown>:0 
  at ZaupFeast.Feast.checkFeast () [0x00000] in <filename unknown>:0 
[10/14/2015 8:24:19 PM] [Info] MessageAnnouncer >> Что касается помощи, Доната, создания фракции, писать Tiger'у
[10/14/2015 8:24:49 PM] [Info] MessageAnnouncer >> Проверить список администраторов командой:/админы
[10/14/2015 8:24:52 PM] [Info] ZaupFeast >> The skydrop plane bundle is not the server!  Cannot trigger the airdrop animation.  Just sending items.
[10/14/2015 8:24:52 PM] [Exception] ZaupFeast >> Exception in checkFeast -> Exception in ZaupFeast: System.NullReferenceException: Object reference not set to an instance of an object
  at ZaupFeast.Feast.runFeast () [0x00000] in <filename unknown>:0 
  at ZaupFeast.Feast.checkFeast () [0x00000] in <filename unknown>:0 
[10/14/2015 8:25:19 PM] [Info] MessageAnnouncer >> Проверить список фракций можна командой:/фракция
[10/14/2015 8:25:49 PM] [Info] MessageAnnouncer >> Узнать список вип игроков можна командой:/випы
[10/14/2015 8:25:52 PM] [Info] ZaupFeast >> The skydrop plane bundle is not the server!  Cannot trigger the airdrop animation.  Just sending items.
[10/14/2015 8:25:52 PM] [Exception] ZaupFeast >> Exception in checkFeast -> Exception in ZaupFeast: System.NullReferenceException: Object reference not set to an instance of an object
  at ZaupFeast.Feast.runFeast () [0x00000] in <filename unknown>:0 
  at ZaupFeast.Feast.checkFeast () [0x00000] in <filename unknown>:0 
[10/14/2015 8:26:19 PM] [Info] MessageAnnouncer >> Если вы не видите самолет который сбрасывает аирдроп установите...
[10/14/2015 8:26:49 PM] [Info] MessageAnnouncer >> ....детализацию на ультра!
[10/14/2015 8:26:52 PM] [Info] ZaupFeast >> The skydrop plane bundle is not the server!  Cannot trigger the airdrop animation.  Just sending items.
[10/14/2015 8:26:52 PM] [Exception] ZaupFeast >> Exception in checkFeast -> Exception in ZaupFeast: System.NullReferenceException: Object reference not set to an instance of an object
  at ZaupFeast.Feast.runFeast () [0x00000] in <filename unknown>:0 
  at ZaupFeast.Feast.checkFeast () [0x00000] in <filename unknown>:0 
[10/14/2015 8:27:19 PM] [Info] MessageAnnouncer >> Удачной игры!
[10/14/2015 8:27:49 PM] [Info] MessageAnnouncer >> Welcome to our server
[10/14/2015 8:27:52 PM] [Info] ZaupFeast >> The skydrop plane bundle is not the server!  Cannot trigger the airdrop animation.  Just sending items.
[10/14/2015 8:27:52 PM] [Exception] ZaupFeast >> Exception in checkFeast -> Exception in ZaupFeast: System.NullReferenceException: Object reference not set to an instance of an object
  at ZaupFeast.Feast.runFeast () [0x00000] in <filename unknown>:0 
  at ZaupFeast.Feast.checkFeast () [0x00000] in <filename unknown>:0 
[10/14/2015 8:28:19 PM] [Info] MessageAnnouncer >> On our server there that command:/rules!
[10/14/2015 8:28:49 PM] [Info] MessageAnnouncer >> In which you can see the server rules.
[10/14/2015 8:28:52 PM] [Info] ZaupFeast >> The skydrop plane bundle is not the server!  Cannot trigger the airdrop animation.  Just sending items.
[10/14/2015 8:28:52 PM] [Exception] ZaupFeast >> Exception in checkFeast -> Exception in ZaupFeast: System.NullReferenceException: Object reference not set to an instance of an object
  at ZaupFeast.Feast.runFeast () [0x00000] in <filename unknown>:0 
  at ZaupFeast.Feast.checkFeast () [0x00000] in <filename unknown>:0 
[10/14/2015 8:29:19 PM] [Info] MessageAnnouncer >> If you like the server can help him by purchasing the privilege!
[10/14/2015 8:29:49 PM] [Info] MessageAnnouncer >> Regarding the aid, Donat, create a faction,write Tiger
[10/14/2015 8:29:52 PM] [Info] ZaupFeast >> The skydrop plane bundle is not the server!  Cannot trigger the airdrop animation.  Just sending items.
[10/14/2015 8:29:52 PM] [Exception] ZaupFeast >> Exception in checkFeast -> Exception in ZaupFeast: System.NullReferenceException: Object reference not set to an instance of an object
  at ZaupFeast.Feast.runFeast () [0x00000] in <filename unknown>:0 
  at ZaupFeast.Feast.checkFeast () [0x00000] in <filename unknown>:0 
[10/14/2015 8:30:19 PM] [Info] MessageAnnouncer >> Check the list of administrators:/adminstrators
[10/14/2015 8:30:49 PM] [Info] MessageAnnouncer >> Check the list of factions:/fraction
[10/14/2015 8:30:52 PM] [Info] ZaupFeast >> The skydrop plane bundle is not the server!  Cannot trigger the airdrop animation.  Just sending items.
[10/14/2015 8:30:52 PM] [Exception] ZaupFeast >> Exception in checkFeast -> Exception in ZaupFeast: System.NullReferenceException: Object reference not set to an instance of an object
  at ZaupFeast.Feast.runFeast () [0x00000] in <filename unknown>:0 
  at ZaupFeast.Feast.checkFeast () [0x00000] in <filename unknown>:0 
[10/14/2015 8:31:19 PM] [Info] MessageAnnouncer >> VIP players get a list with the command:/vips
[10/14/2015 8:31:44 PM] [Info] Saving server
[10/14/2015 8:31:49 PM] [Info] MessageAnnouncer >> If you can not see the airplane, then set the detail on ultra!
[10/14/2015 8:31:52 PM] [Info] ZaupFeast >> The skydrop plane bundle is not the server!  Cannot trigger the airdrop animation.  Just sending items.
[10/14/2015 8:31:52 PM] [Exception] ZaupFeast >> Exception in checkFeast -> Exception in ZaupFeast: System.NullReferenceException: Object reference not set to an instance of an object
  at ZaupFeast.Feast.runFeast () [0x00000] in <filename unknown>:0 
  at ZaupFeast.Feast.checkFeast () [0x00000] in <filename unknown>:0 
[10/14/2015 8:32:19 PM] [Info] MessageAnnouncer >> Good luck!
[10/14/2015 8:32:49 PM] [Info] MessageAnnouncer >> Добро пожаловать на наш сервер
[10/14/2015 8:32:52 PM] [Info] ZaupFeast >> The skydrop plane bundle is not the server!  Cannot trigger the airdrop animation.  Just sending items.
[10/14/2015 8:32:52 PM] [Exception] ZaupFeast >> Exception in checkFeast -> Exception in ZaupFeast: System.NullReferenceException: Object reference not set to an instance of an object
  at ZaupFeast.Feast.runFeast () [0x00000] in <filename unknown>:0 
  at ZaupFeast.Feast.checkFeast () [0x00000] in <filename unknown>:0 
[10/14/2015 8:33:19 PM] [Info] MessageAnnouncer >> На нашем сервере есть команда:/правила!
[10/14/2015 8:33:49 PM] [Info] MessageAnnouncer >> В котором вы можете ознакомиться с правилами сервера.
[10/14/2015 8:33:52 PM] [Info] ZaupFeast >> The skydrop plane bundle is not the server!  Cannot trigger the airdrop animation.  Just sending items.
[10/14/2015 8:33:52 PM] [Exception] ZaupFeast >> Exception in checkFeast -> Exception in ZaupFeast: System.NullReferenceException: Object reference not set to an instance of an object
  at ZaupFeast.Feast.runFeast () [0x00000] in <filename unknown>:0 
  at ZaupFeast.Feast.checkFeast () [0x00000] in <filename unknown>:0 
[10/14/2015 8:34:19 PM] [Info] MessageAnnouncer >> Если вам понравился сервер может помочь ему купив привилегию!
[10/14/2015 8:34:49 PM] [Info] MessageAnnouncer >> Что касается помощи, Доната, создания фракции, писать Tiger'у
[10/14/2015 8:34:52 PM] [Info] ZaupFeast >> The skydrop plane bundle is not the server!  Cannot trigger the airdrop animation.  Just sending items.
[10/14/2015 8:34:52 PM] [Exception] ZaupFeast >> Exception in checkFeast -> Exception in ZaupFeast: System.NullReferenceException: Object reference not set to an instance of an object
  at ZaupFeast.Feast.runFeast () [0x00000] in <filename unknown>:0 
  at ZaupFeast.Feast.checkFeast () [0x00000] in <filename unknown>:0 
[10/14/2015 8:35:19 PM] [Info] MessageAnnouncer >> Проверить список администраторов командой:/админы
[10/14/2015 8:35:49 PM] [Info] MessageAnnouncer >> Проверить список фракций можна командой:/фракция
[10/14/2015 8:35:52 PM] [Info] ZaupFeast >> The skydrop plane bundle is not the server!  Cannot trigger the airdrop animation.  Just sending items.
[10/14/2015 8:35:52 PM] [Exception] ZaupFeast >> Exception in checkFeast -> Exception in ZaupFeast: System.NullReferenceException: Object reference not set to an instance of an object
  at ZaupFeast.Feast.runFeast () [0x00000] in <filename unknown>:0 
  at ZaupFeast.Feast.checkFeast () [0x00000] in <filename unknown>:0 
[10/14/2015 8:36:19 PM] [Info] MessageAnnouncer >> Узнать список вип игроков можна командой:/випы
[10/14/2015 8:36:49 PM] [Info] MessageAnnouncer >> Если вы не видите самолет который сбрасывает аирдроп установите...
[10/14/2015 8:36:52 PM] [Info] ZaupFeast >> The skydrop plane bundle is not the server!  Cannot trigger the airdrop animation.  Just sending items.
[10/14/2015 8:36:52 PM] [Exception] ZaupFeast >> Exception in checkFeast -> Exception in ZaupFeast: System.NullReferenceException: Object reference not set to an instance of an object
  at ZaupFeast.Feast.runFeast () [0x00000] in <filename unknown>:0 
  at ZaupFeast.Feast.checkFeast () [0x00000] in <filename unknown>:0 
[10/14/2015 8:37:19 PM] [Info] MessageAnnouncer >> ....детализацию на ультра!
[10/14/2015 8:37:49 PM] [Info] MessageAnnouncer >> Удачной игры!
[10/14/2015 8:37:52 PM] [Info] ZaupFeast >> The skydrop plane bundle is not the server!  Cannot trigger the airdrop animation.  Just sending items.
[10/14/2015 8:37:52 PM] [Exception] ZaupFeast >> Exception in checkFeast -> Exception in ZaupFeast: System.NullReferenceException: Object reference not set to an instance of an object
  at ZaupFeast.Feast.runFeast () [0x00000] in <filename unknown>:0 
  at ZaupFeast.Feast.checkFeast () [0x00000] in <filename unknown>:0 
[10/14/2015 8:38:19 PM] [Info] MessageAnnouncer >> Welcome to our server
[10/14/2015 8:38:49 PM] [Info] MessageAnnouncer >> On our server there that command:/rules!
[10/14/2015 8:38:53 PM] [Info] ZaupFeast >> The skydrop plane bundle is not the server!  Cannot trigger the airdrop animation.  Just sending items.
[10/14/2015 8:38:53 PM] [Exception] ZaupFeast >> Exception in checkFeast -> Exception in ZaupFeast: System.NullReferenceException: Object reference not set to an instance of an object
  at ZaupFeast.Feast.runFeast () [0x00000] in <filename unknown>:0 
  at ZaupFeast.Feast.checkFeast () [0x00000] in <filename unknown>:0 
[10/14/2015 8:39:19 PM] [Info] MessageAnnouncer >> In which you can see the server rules.
[10/14/2015 8:39:49 PM] [Info] MessageAnnouncer >> If you like the server can help him by purchasing the privilege!
[10/14/2015 8:39:53 PM] [Info] ZaupFeast >> The skydrop plane bundle is not the server!  Cannot trigger the airdrop animation.  Just sending items.
[10/14/2015 8:39:53 PM] [Exception] ZaupFeast >> Exception in checkFeast -> Exception in ZaupFeast: System.NullReferenceException: Object reference not set to an instance of an object
  at ZaupFeast.Feast.runFeast () [0x00000] in <filename unknown>:0 
  at ZaupFeast.Feast.checkFeast () [0x00000] in <filename unknown>:0 
[10/14/2015 8:40:19 PM] [Info] MessageAnnouncer >> Regarding the aid, Donat, create a faction,write Tiger
[10/14/2015 8:40:49 PM] [Info] MessageAnnouncer >> Check the list of administrators:/adminstrators
[10/14/2015 8:40:53 PM] [Info] ZaupFeast >> The skydrop plane bundle is not the server!  Cannot trigger the airdrop animation.  Just sending items.
[10/14/2015 8:40:53 PM] [Exception] ZaupFeast >> Exception in checkFeast -> Exception in ZaupFeast: System.NullReferenceException: Object reference not set to an instance of an object
  at ZaupFeast.Feast.runFeast () [0x00000] in <filename unknown>:0 
  at ZaupFeast.Feast.checkFeast () [0x00000] in <filename unknown>:0 
[10/14/2015 8:41:19 PM] [Info] MessageAnnouncer >> Check the list of factions:/fraction
[10/14/2015 8:41:49 PM] [Info] MessageAnnouncer >> VIP players get a list with the command:/vips
[10/14/2015 8:41:53 PM] [Info] ZaupFeast >> The skydrop plane bundle is not the server!  Cannot trigger the airdrop animation.  Just sending items.
[10/14/2015 8:41:53 PM] [Exception] ZaupFeast >> Exception in checkFeast -> Exception in ZaupFeast: System.NullReferenceException: Object reference not set to an instance of an object
  at ZaupFeast.Feast.runFeast () [0x00000] in <filename unknown>:0 
  at ZaupFeast.Feast.checkFeast () [0x00000] in <filename unknown>:0 
[10/14/2015 8:42:19 PM] [Info] MessageAnnouncer >> If you can not see the airplane, then set the detail on ultra!
[10/14/2015 8:42:49 PM] [Info] MessageAnnouncer >> Good luck!
[10/14/2015 8:42:53 PM] [Info] ZaupFeast >> The skydrop plane bundle is not the server!  Cannot trigger the airdrop animation.  Just sending items.
[10/14/2015 8:42:53 PM] [Exception] ZaupFeast >> Exception in checkFeast -> Exception in ZaupFeast: System.NullReferenceException: Object reference not set to an instance of an object
  at ZaupFeast.Feast.runFeast () [0x00000] in <filename unknown>:0 
  at ZaupFeast.Feast.checkFeast () [0x00000] in <filename unknown>:0 
[10/14/2015 8:43:19 PM] [Info] MessageAnnouncer >> Добро пожаловать на наш сервер
[10/14/2015 8:43:49 PM] [Info] MessageAnnouncer >> На нашем сервере есть команда:/правила!
[10/14/2015 8:43:53 PM] [Info] ZaupFeast >> The skydrop plane bundle is not the server!  Cannot trigger the airdrop animation.  Just sending items.
[10/14/2015 8:43:53 PM] [Exception] ZaupFeast >> Exception in checkFeast -> Exception in ZaupFeast: System.NullReferenceException: Object reference not set to an instance of an object
  at ZaupFeast.Feast.runFeast () [0x00000] in <filename unknown>:0 
  at ZaupFeast.Feast.checkFeast () [0x00000] in <filename unknown>:0 
[10/14/2015 8:44:19 PM] [Info] MessageAnnouncer >> В котором вы можете ознакомиться с правилами сервера.
[10/14/2015 8:44:49 PM] [Info] MessageAnnouncer >> Если вам понравился сервер может помочь ему купив привилегию!
[10/14/2015 8:44:53 PM] [Info] ZaupFeast >> The skydrop plane bundle is not the server!  Cannot trigger the airdrop animation.  Just sending items.
[10/14/2015 8:44:53 PM] [Exception] ZaupFeast >> Exception in checkFeast -> Exception in ZaupFeast: System.NullReferenceException: Object reference not set to an instance of an object
  at ZaupFeast.Feast.runFeast () [0x00000] in <filename unknown>:0 
  at ZaupFeast.Feast.checkFeast () [0x00000] in <filename unknown>:0 
[10/14/2015 8:45:19 PM] [Info] MessageAnnouncer >> Что касается помощи, Доната, создания фракции, писать Tiger'у
[10/14/2015 8:45:49 PM] [Info] MessageAnnouncer >> Проверить список администраторов командой:/админы
[10/14/2015 8:45:53 PM] [Info] ZaupFeast >> The skydrop plane bundle is not the server!  Cannot trigger the airdrop animation.  Just sending items.
[10/14/2015 8:45:53 PM] [Exception] ZaupFeast >> Exception in checkFeast -> Exception in ZaupFeast: System.NullReferenceException: Object reference not set to an instance of an object
  at ZaupFeast.Feast.runFeast () [0x00000] in <filename unknown>:0 
  at ZaupFeast.Feast.checkFeast () [0x00000] in <filename unknown>:0 
[10/14/2015 8:46:19 PM] [Info] MessageAnnouncer >> Проверить список фракций можна командой:/фракция
[10/14/2015 8:46:49 PM] [Info] MessageAnnouncer >> Узнать список вип игроков можна командой:/випы
[10/14/2015 8:46:53 PM] [Info] ZaupFeast >> The skydrop plane bundle is not the server!  Cannot trigger the airdrop animation.  Just sending items.
[10/14/2015 8:46:53 PM] [Exception] ZaupFeast >> Exception in checkFeast -> Exception in ZaupFeast: System.NullReferenceException: Object reference not set to an instance of an object
  at ZaupFeast.Feast.runFeast () [0x00000] in <filename unknown>:0 
  at ZaupFeast.Feast.checkFeast () [0x00000] in <filename unknown>:0 
[10/14/2015 8:47:19 PM] [Info] MessageAnnouncer >> Если вы не видите самолет который сбрасывает аирдроп установите...
[10/14/2015 8:47:49 PM] [Info] MessageAnnouncer >> ....детализацию на ультра!
[10/14/2015 8:47:53 PM] [Info] ZaupFeast >> The skydrop plane bundle is not the server!  Cannot trigger the airdrop animation.  Just sending items.
[10/14/2015 8:47:53 PM] [Exception] ZaupFeast >> Exception in checkFeast -> Exception in ZaupFeast: System.NullReferenceException: Object reference not set to an instance of an object
  at ZaupFeast.Feast.runFeast () [0x00000] in <filename unknown>:0 
  at ZaupFeast.Feast.checkFeast () [0x00000] in <filename unknown>:0 
[10/14/2015 8:48:19 PM] [Info] MessageAnnouncer >> Удачной игры!
[10/14/2015 8:48:49 PM] [Info] MessageAnnouncer >> Welcome to our server
[10/14/2015 8:48:53 PM] [Info] ZaupFeast >> The skydrop plane bundle is not the server!  Cannot trigger the airdrop animation.  Just sending items.
[10/14/2015 8:48:53 PM] [Exception] ZaupFeast >> Exception in checkFeast -> Exception in ZaupFeast: System.NullReferenceException: Object reference not set to an instance of an object
  at ZaupFeast.Feast.runFeast () [0x00000] in <filename unknown>:0 
  at ZaupFeast.Feast.checkFeast () [0x00000] in <filename unknown>:0 
[10/14/2015 8:49:19 PM] [Info] MessageAnnouncer >> On our server there that command:/rules!
[10/14/2015 8:49:49 PM] [Info] MessageAnnouncer >> In which you can see the server rules.
[10/14/2015 8:49:53 PM] [Info] ZaupFeast >> The skydrop plane bundle is not the server!  Cannot trigger the airdrop animation.  Just sending items.
[10/14/2015 8:49:53 PM] [Exception] ZaupFeast >> Exception in checkFeast -> Exception in ZaupFeast: System.NullReferenceException: Object reference not set to an instance of an object
  at ZaupFeast.Feast.runFeast () [0x00000] in <filename unknown>:0 
  at ZaupFeast.Feast.checkFeast () [0x00000] in <filename unknown>:0 
[10/14/2015 8:50:19 PM] [Info] MessageAnnouncer >> If you like the server can help him by purchasing the privilege!
[10/14/2015 8:50:49 PM] [Info] MessageAnnouncer >> Regarding the aid, Donat, create a faction,write Tiger
[10/14/2015 8:50:53 PM] [Info] ZaupFeast >> The skydrop plane bundle is not the server!  Cannot trigger the airdrop animation.  Just sending items.
[10/14/2015 8:50:53 PM] [Exception] ZaupFeast >> Exception in checkFeast -> Exception in ZaupFeast: System.NullReferenceException: Object reference not set to an instance of an object
  at ZaupFeast.Feast.runFeast () [0x00000] in <filename unknown>:0 
  at ZaupFeast.Feast.checkFeast () [0x00000] in <filename unknown>:0 
[10/14/2015 8:51:19 PM] [Info] MessageAnnouncer >> Check the list of administrators:/adminstrators
[10/14/2015 8:51:49 PM] [Info] MessageAnnouncer >> Check the list of factions:/fraction
[10/14/2015 8:51:53 PM] [Info] ZaupFeast >> The skydrop plane bundle is not the server!  Cannot trigger the airdrop animation.  Just sending items.
[10/14/2015 8:51:53 PM] [Exception] ZaupFeast >> Exception in checkFeast -> Exception in ZaupFeast: System.NullReferenceException: Object reference not set to an instance of an object
  at ZaupFeast.Feast.runFeast () [0x00000] in <filename unknown>:0 
  at ZaupFeast.Feast.checkFeast () [0x00000] in <filename unknown>:0 
[10/14/2015 8:52:19 PM] [Info] MessageAnnouncer >> VIP players get a list with the command:/vips
[10/14/2015 8:52:49 PM] [Info] MessageAnnouncer >> If you can not see the airplane, then set the detail on ultra!
[10/14/2015 8:52:53 PM] [Info] ZaupFeast >> The skydrop plane bundle is not the server!  Cannot trigger the airdrop animation.  Just sending items.
[10/14/2015 8:52:53 PM] [Exception] ZaupFeast >> Exception in checkFeast -> Exception in ZaupFeast: System.NullReferenceException: Object reference not set to an instance of an object
  at ZaupFeast.Feast.runFeast () [0x00000] in <filename unknown>:0 
  at ZaupFeast.Feast.checkFeast () [0x00000] in <filename unknown>:0 
[10/14/2015 8:53:19 PM] [Info] MessageAnnouncer >> Good luck!
[10/14/2015 8:53:49 PM] [Info] MessageAnnouncer >> Добро пожаловать на наш сервер
[10/14/2015 8:53:53 PM] [Info] ZaupFeast >> The skydrop plane bundle is not the server!  Cannot trigger the airdrop animation.  Just sending items.
[10/14/2015 8:53:53 PM] [Exception] ZaupFeast >> Exception in checkFeast -> Exception in ZaupFeast: System.NullReferenceException: Object reference not set to an instance of an object
  at ZaupFeast.Feast.runFeast () [0x00000] in <filename unknown>:0 
  at ZaupFeast.Feast.checkFeast () [0x00000] in <filename unknown>:0 
[10/14/2015 8:54:19 PM] [Info] MessageAnnouncer >> На нашем сервере есть команда:/правила!
[10/14/2015 8:54:49 PM] [Info] MessageAnnouncer >> В котором вы можете ознакомиться с правилами сервера.
[10/14/2015 8:54:53 PM] [Info] ZaupFeast >> The skydrop plane bundle is not the server!  Cannot trigger the airdrop animation.  Just sending items.
[10/14/2015 8:54:53 PM] [Exception] ZaupFeast >> Exception in checkFeast -> Exception in ZaupFeast: System.NullReferenceException: Object reference not set to an instance of an object
  at ZaupFeast.Feast.runFeast () [0x00000] in <filename unknown>:0 
  at ZaupFeast.Feast.checkFeast () [0x00000] in <filename unknown>:0 
[10/14/2015 8:55:19 PM] [Info] MessageAnnouncer >> Если вам понравился сервер может помочь ему купив привилегию!
[10/14/2015 8:55:49 PM] [Info] MessageAnnouncer >> Что касается помощи, Доната, создания фракции, писать Tiger'у
[10/14/2015 8:55:53 PM] [Info] ZaupFeast >> The skydrop plane bundle is not the server!  Cannot trigger the airdrop animation.  Just sending items.
[10/14/2015 8:55:53 PM] [Exception] ZaupFeast >> Exception in checkFeast -> Exception in ZaupFeast: System.NullReferenceException: Object reference not set to an instance of an object
  at ZaupFeast.Feast.runFeast () [0x00000] in <filename unknown>:0 
  at ZaupFeast.Feast.checkFeast () [0x00000] in <filename unknown>:0 
[10/14/2015 8:56:19 PM] [Info] MessageAnnouncer >> Проверить список администраторов командой:/админы
[10/14/2015 8:56:49 PM] [Info] MessageAnnouncer >> Проверить список фракций можна командой:/фракция
[10/14/2015 8:56:53 PM] [Info] ZaupFeast >> The skydrop plane bundle is not the server!  Cannot trigger the airdrop animation.  Just sending items.
[10/14/2015 8:56:53 PM] [Exception] ZaupFeast >> Exception in checkFeast -> Exception in ZaupFeast: System.NullReferenceException: Object reference not set to an instance of an object
  at ZaupFeast.Feast.runFeast () [0x00000] in <filename unknown>:0 
  at ZaupFeast.Feast.checkFeast () [0x00000] in <filename unknown>:0 
[10/14/2015 8:57:19 PM] [Info] MessageAnnouncer >> Узнать список вип игроков можна командой:/випы
[10/14/2015 8:57:49 PM] [Info] MessageAnnouncer >> Если вы не видите самолет который сбрасывает аирдроп установите...
[10/14/2015 8:57:53 PM] [Info] ZaupFeast >> The skydrop plane bundle is not the server!  Cannot trigger the airdrop animation.  Just sending items.
[10/14/2015 8:57:53 PM] [Exception] ZaupFeast >> Exception in checkFeast -> Exception in ZaupFeast: System.NullReferenceException: Object reference not set to an instance of an object
  at ZaupFeast.Feast.runFeast () [0x00000] in <filename unknown>:0 
  at ZaupFeast.Feast.checkFeast () [0x00000] in <filename unknown>:0 
[10/14/2015 8:58:19 PM] [Info] MessageAnnouncer >> ....детализацию на ультра!
[10/14/2015 8:58:49 PM] [Info] MessageAnnouncer >> Удачной игры!
[10/14/2015 8:58:53 PM] [Info] ZaupFeast >> The skydrop plane bundle is not the server!  Cannot trigger the airdrop animation.  Just sending items.
[10/14/2015 8:58:53 PM] [Exception] ZaupFeast >> Exception in checkFeast -> Exception in ZaupFeast: System.NullReferenceException: Object reference not set to an instance of an object
  at ZaupFeast.Feast.runFeast () [0x00000] in <filename unknown>:0 
  at ZaupFeast.Feast.checkFeast () [0x00000] in <filename unknown>:0 
[10/14/2015 8:59:19 PM] [Info] MessageAnnouncer >> Welcome to our server
[10/14/2015 8:59:49 PM] [Info] MessageAnnouncer >> On our server there that command:/rules!
[10/14/2015 8:59:53 PM] [Info] ZaupFeast >> The skydrop plane bundle is not the server!  Cannot trigger the airdrop animation.  Just sending items.
[10/14/2015 8:59:53 PM] [Exception] ZaupFeast >> Exception in checkFeast -> Exception in ZaupFeast: System.NullReferenceException: Object reference not set to an instance of an object
  at ZaupFeast.Feast.runFeast () [0x00000] in <filename unknown>:0 
  at ZaupFeast.Feast.checkFeast () [0x00000] in <filename unknown>:0 
[10/14/2015 9:00:19 PM] [Info] MessageAnnouncer >> In which you can see the server rules.
