[11/24/2015 10:02:15 PM] [Error] Invalid or outdated plugin assembly: ApokCore
[11/24/2015 10:02:15 PM] [Info] Loading plugin: AutoShutdown2
[11/24/2015 10:02:15 PM] [Info] AutoShutdown2 >>  Version 0.5.1 loaded.
[11/24/2015 10:02:15 PM] [Info] Loading plugin: ChatControl
[11/24/2015 10:02:15 PM] [Info] Adding UnturnedPlayerComponent: ChatControlPlayerComponent
[11/24/2015 10:02:15 PM] [Info] Loading plugin: GiveKit
[11/24/2015 10:02:15 PM] [Error] OverflowException: Value too large or too small. - System.Int32.Parse (System.String s, NumberStyles style, IFormatProvider provider)
System.Xml.XmlConvert.ToInt32 (System.String s)
System.Xml.Serialization.XmlCustomFormatter.FromXmlString (System.Xml.Serialization.TypeData type, System.String value)
System.Xml.Serialization.XmlSerializationReaderInterpreter.GetValueFromXmlString (System.String value, System.Xml.Serialization.TypeData typeData, System.Xml.Serialization.XmlTypeMapping typeMap)
System.Xml.Serialization.XmlSerializationReaderInterpreter.ReadPrimitiveValue (System.Xml.Serialization.XmlTypeMapElementInfo elem)
System.Xml.Serialization.XmlSerializationReaderInterpreter.ReadObjectElement (System.Xml.Serialization.XmlTypeMapElementInfo elem)
System.Xml.Serialization.XmlSerializationReaderInterpreter.ReadMembers (System.Xml.Serialization.ClassMap map, System.Object ob, Boolean isValueList, Boolean readByOrder)
System.Xml.Serialization.XmlSerializationReaderInterpreter.ReadClassInstanceMembers (System.Xml.Serialization.XmlTypeMapping typeMap, System.Object ob)
System.Xml.Serialization.XmlSerializationReaderInterpreter.ReadClassInstance (System.Xml.Serialization.XmlTypeMapping typeMap, Boolean isNullable, Boolean checkType)
System.Xml.Serialization.XmlSerializationReaderInterpreter.ReadObject (System.Xml.Serialization.XmlTypeMapping typeMap, Boolean isNullable, Boolean checkType)
System.Xml.Serialization.XmlSerializationReaderInterpreter.ReadObjectElement (System.Xml.Serialization.XmlTypeMapElementInfo elem)
System.Xml.Serialization.XmlSerializationReaderInterpreter.ReadListElement (System.Xml.Serialization.XmlTypeMapping typeMap, Boolean isNullable, System.Object list, Boolean canCreateInstance)
System.Xml.Serialization.XmlSerializationReaderInterpreter.ReadMembers (System.Xml.Serialization.ClassMap map, System.Object ob, Boolean isValueList, Boolean readByOrder)
System.Xml.Serialization.XmlSerializationReaderInterpreter.ReadClassInstanceMembers (System.Xml.Serialization.XmlTypeMapping typeMap, System.Object ob)
System.Xml.Serialization.XmlSerializationReaderInterpreter.ReadClassInstance (System.Xml.Serialization.XmlTypeMapping typeMap, Boolean isNullable, Boolean checkType)
System.Xml.Serialization.XmlSerializationReaderInterpreter.ReadObject (System.Xml.Serialization.XmlTypeMapping typeMap, Boolean isNullable, Boolean checkType)
System.Xml.Serialization.XmlSerializationReaderInterpreter.ReadRoot (System.Xml.Serialization.XmlTypeMapping rootMap)
System.Xml.Serialization.XmlSerializationReaderInterpreter.ReadRoot ()
System.Xml.Serialization.XmlSerializer.Deserialize (System.Xml.Serialization.XmlSerializationReader reader)
Rethrow as Exception: Failed to deserialize XMLFileAsset: Plugins/Kits/Kits.configuration.xml
Rocket.Core.Assets.XMLFileAsset`1[fr34kyn01535.Kits.KitsConfiguration].Load (Rocket.Core.Assets.AssetLoaded`1 callback, Boolean update)
Rocket.Core.Assets.XMLFileAsset`1[fr34kyn01535.Kits.KitsConfiguration]..ctor (System.String file, System.Type[] extraTypes, fr34kyn01535.Kits.KitsConfiguration defaultInstance)
Rocket.Core.Plugins.RocketPlugin`1[TConfiguration].LoadPlugin ()
Rocket.Core.Plugins.RocketPlugin.OnEnable ()
UnityEngine.GameObject:.ctor(String, Type[])
Rocket.Core.Plugins.RocketPluginManager:loadPlugins()
Rocket.Core.Plugins.RocketPluginManager:Start()

[11/24/2015 10:02:15 PM] [Info] Loading plugin: MessageAnnouncer
[11/24/2015 10:02:15 PM] [Info] MessageAnnouncer >> Load
[11/24/2015 10:02:15 PM] [Info] Loading plugin: Uconomy
[11/24/2015 10:02:16 PM] [Info] Loading plugin: ZaupClearInventoryLib
[11/24/2015 10:02:16 PM] [Info] Loading plugin: ZaupFeast
[11/24/2015 10:02:16 PM] [Info] ZaupFeast >> The next feast will be at Shelton Farm at 11/24/2015 10:32:29 PM
[11/24/2015 10:02:16 PM] [Info] Loading plugin: ZaupShop
[11/24/2015 10:02:17 PM] [Info] Loading plugin: ZaupUconomyEssentials
[11/24/2015 10:02:17 PM] [Info] Adding UnturnedPlayerComponent: PlayerUE
[11/24/2015 10:02:17 PM] [Info] This server will automatically save every 1800 seconds
[11/24/2015 10:02:20 PM] [Info] MessageAnnouncer >> Welcome to our server
[11/24/2015 10:02:55 PM] [Info] MessageAnnouncer >> On our server there that command:/rules!
[11/24/2015 10:03:25 PM] [Info] MessageAnnouncer >> In which you can see the server rules.
[11/24/2015 10:03:55 PM] [Info] MessageAnnouncer >> You can help by purchasing a server privilege!
[11/24/2015 10:04:25 PM] [Info] MessageAnnouncer >> Regarding the aid, Donat, create a faction,write Tiger
[11/24/2015 10:04:55 PM] [Info] MessageAnnouncer >> Or write to the VK.ID fill_cross
[11/24/2015 10:05:25 PM] [Info] MessageAnnouncer >> Check the list of administrators:/adminstrators
[11/24/2015 10:05:55 PM] [Info] MessageAnnouncer >> Check the list of factions:/fraction
[11/24/2015 10:06:25 PM] [Info] MessageAnnouncer >> VIP players get a list with the command:/vips
[11/24/2015 10:06:55 PM] [Info] MessageAnnouncer >> If you can not see the airplane, then set the detail on ultra!
[11/24/2015 10:07:25 PM] [Info] MessageAnnouncer >> You can take a starter kit command /givekit Start
[11/24/2015 10:07:55 PM] [Info] MessageAnnouncer >> Good luck!
[11/24/2015 10:08:26 PM] [Info] MessageAnnouncer >> Добро пожаловать на наш сервер
[11/24/2015 10:08:32 PM] [Info] Connecting: PlayerID: 76561198167532623 Name: Keni2 Character: TIger_off
[11/24/2015 10:08:50 PM] [Info] [World] TIger_off [Keni2]: "/balance"
[11/24/2015 10:08:56 PM] [Info] MessageAnnouncer >> На нашем сервере есть команда:/правила!
[11/24/2015 10:08:58 PM] [Info] [World] TIger_off [Keni2]: "/pay"
[11/24/2015 10:09:05 PM] [Info] [World] TIger_off [Keni2]: "/buy"
[11/24/2015 10:09:26 PM] [Info] MessageAnnouncer >> В котором вы можете ознакомиться с правилами сервера.
[11/24/2015 10:09:56 PM] [Info] MessageAnnouncer >> Вы может помочь серверу купив привилегию!
[11/24/2015 10:10:13 PM] [Info] Disconnecting: PlayerID: 76561198167532623 Name: Keni2 Character: TIger_off
[11/24/2015 10:10:26 PM] [Info] MessageAnnouncer >> Что касается помощи, Доната, создания фракции, писать Tiger'у
[11/24/2015 10:10:56 PM] [Info] MessageAnnouncer >> Или же писать в ВК.ID fill_cross
[11/24/2015 10:11:26 PM] [Info] MessageAnnouncer >> Проверить список администраторов командой:/админы
[11/24/2015 10:11:56 PM] [Info] MessageAnnouncer >> Проверить список фракций можно командой:/фракция
[11/24/2015 10:12:10 PM] [Info] Connecting: PlayerID: 76561198167532623 Name: Keni2 Character: TIger_off
[11/24/2015 10:12:26 PM] [Info] MessageAnnouncer >> Узнать список вип игроков можна командой:/випы
[11/24/2015 10:12:37 PM] [Info] Disconnecting: PlayerID: 76561198167532623 Name: Keni2 Character: TIger_off
[11/24/2015 10:12:56 PM] [Info] MessageAnnouncer >> Если вы не видите самолет который сбрасывает аирдроп, повысьте...
[11/24/2015 10:13:26 PM] [Info] MessageAnnouncer >> ....детализацию на ультра!
[11/24/2015 10:13:56 PM] [Info] MessageAnnouncer >> Вы можете взять стартовый кит командой /givekit Start
[11/24/2015 10:14:26 PM] [Info] MessageAnnouncer >> Удачной игры!
[11/24/2015 10:14:56 PM] [Info] MessageAnnouncer >> Welcome to our server
[11/24/2015 10:15:26 PM] [Info] MessageAnnouncer >> On our server there that command:/rules!
[11/24/2015 10:15:56 PM] [Info] MessageAnnouncer >> In which you can see the server rules.
[11/24/2015 10:16:26 PM] [Info] MessageAnnouncer >> You can help by purchasing a server privilege!
[11/24/2015 10:16:56 PM] [Info] MessageAnnouncer >> Regarding the aid, Donat, create a faction,write Tiger
[11/24/2015 10:17:36 PM] [Info] MessageAnnouncer >> Or write to the VK.ID fill_cross
[11/24/2015 10:18:06 PM] [Info] MessageAnnouncer >> Check the list of administrators:/adminstrators
[11/24/2015 10:18:36 PM] [Info] MessageAnnouncer >> Check the list of factions:/fraction
[11/24/2015 10:19:06 PM] [Info] MessageAnnouncer >> VIP players get a list with the command:/vips
[11/24/2015 10:19:36 PM] [Info] MessageAnnouncer >> If you can not see the airplane, then set the detail on ultra!
[11/24/2015 10:20:06 PM] [Info] MessageAnnouncer >> You can take a starter kit command /givekit Start
[11/24/2015 10:20:36 PM] [Info] MessageAnnouncer >> Good luck!
[11/24/2015 10:21:06 PM] [Info] MessageAnnouncer >> Добро пожаловать на наш сервер
[11/24/2015 10:21:36 PM] [Info] MessageAnnouncer >> На нашем сервере есть команда:/правила!
[11/24/2015 10:22:06 PM] [Info] MessageAnnouncer >> В котором вы можете ознакомиться с правилами сервера.
[11/24/2015 10:22:36 PM] [Info] MessageAnnouncer >> Вы может помочь серверу купив привилегию!
[11/24/2015 10:23:06 PM] [Info] MessageAnnouncer >> Что касается помощи, Доната, создания фракции, писать Tiger'у
[11/24/2015 10:23:36 PM] [Info] MessageAnnouncer >> Или же писать в ВК.ID fill_cross
[11/24/2015 10:24:06 PM] [Info] MessageAnnouncer >> Проверить список администраторов командой:/админы
[11/24/2015 10:24:36 PM] [Info] MessageAnnouncer >> Проверить список фракций можно командой:/фракция
[11/24/2015 10:25:06 PM] [Info] MessageAnnouncer >> Узнать список вип игроков можна командой:/випы
[11/24/2015 10:25:36 PM] [Info] MessageAnnouncer >> Если вы не видите самолет который сбрасывает аирдроп, повысьте...
[11/24/2015 10:26:06 PM] [Info] MessageAnnouncer >> ....детализацию на ультра!
[11/24/2015 10:26:36 PM] [Info] MessageAnnouncer >> Вы можете взять стартовый кит командой /givekit Start
[11/24/2015 10:27:06 PM] [Info] MessageAnnouncer >> Удачной игры!
[11/24/2015 10:27:36 PM] [Info] MessageAnnouncer >> Welcome to our server
[11/24/2015 10:28:06 PM] [Info] MessageAnnouncer >> On our server there that command:/rules!
[11/24/2015 10:28:36 PM] [Info] MessageAnnouncer >> In which you can see the server rules.
[11/24/2015 10:29:06 PM] [Info] MessageAnnouncer >> You can help by purchasing a server privilege!
[11/24/2015 10:29:36 PM] [Info] MessageAnnouncer >> Regarding the aid, Donat, create a faction,write Tiger
[11/24/2015 10:30:06 PM] [Info] MessageAnnouncer >> Or write to the VK.ID fill_cross
[11/24/2015 10:30:37 PM] [Info] MessageAnnouncer >> Check the list of administrators:/adminstrators
[11/24/2015 10:31:07 PM] [Info] MessageAnnouncer >> Check the list of factions:/fraction
[11/24/2015 10:31:37 PM] [Info] MessageAnnouncer >> VIP players get a list with the command:/vips
[11/24/2015 10:32:07 PM] [Info] MessageAnnouncer >> If you can not see the airplane, then set the detail on ultra!
[11/24/2015 10:32:17 PM] [Info] Saving server
